09:28:38.282 [main] DEBUG - Save part 'xl/worksheets/sheet2.xml'
09:28:38.290 [main] DEBUG - Save part 'xl/worksheets/sheet3.xml'
09:28:38.348 [main] DEBUG - Parsing relationship: /xl/_rels/workbook.xml.rels
09:28:38.348 [main] DEBUG - Parsing relationship: /xl/worksheets/_rels/sheet2.xml.rels
09:28:38.349 [main] DEBUG - Parsing relationship: /_rels/.rels
09:28:38.366 [main] DEBUG - Save content types part
09:28:38.367 [main] DEBUG - Save package relationships
09:28:38.368 [main] DEBUG - Save part 'docProps/app.xml'
09:28:38.368 [main] DEBUG - Save part 'docProps/core.xml'
09:28:38.369 [main] DEBUG - Save part 'xl/sharedStrings.xml'
09:28:38.389 [main] DEBUG - Save part 'xl/styles.xml'
09:28:38.389 [main] DEBUG - Save part 'xl/theme/theme1.xml'
09:28:38.390 [main] DEBUG - Save part 'xl/workbook.xml'
09:28:38.391 [main] DEBUG - Save part 'xl/worksheets/sheet1.xml'
09:28:38.391 [main] DEBUG - Save part 'xl/worksheets/sheet2.xml'
09:28:38.392 [main] DEBUG - Save part 'xl/worksheets/sheet3.xml'
09:28:38.422 [main] DEBUG - Parsing relationship: /xl/_rels/workbook.xml.rels
09:28:38.422 [main] DEBUG - Parsing relationship: /xl/worksheets/_rels/sheet2.xml.rels
09:28:38.422 [main] DEBUG - Parsing relationship: /_rels/.rels
09:28:38.436 [main] DEBUG - Save content types part
09:28:38.437 [main] DEBUG - Save package relationships
09:28:38.438 [main] DEBUG - Save part 'docProps/app.xml'
09:28:38.438 [main] DEBUG - Save part 'docProps/core.xml'
09:28:38.439 [main] DEBUG - Save part 'xl/sharedStrings.xml'
09:28:38.439 [main] DEBUG - Save part 'xl/styles.xml'
09:28:38.440 [main] DEBUG - Save part 'xl/theme/theme1.xml'
09:28:38.440 [main] DEBUG - Save part 'xl/workbook.xml'
09:28:38.440 [main] DEBUG - Save part 'xl/worksheets/sheet1.xml'
09:28:38.441 [main] DEBUG - Save part 'xl/worksheets/sheet2.xml'
09:28:38.442 [main] DEBUG - Save part 'xl/worksheets/sheet3.xml'
09:28:38.517 [main] DEBUG - Parsing relationship: /xl/_rels/workbook.xml.rels
09:28:38.518 [main] DEBUG - Parsing relationship: /xl/worksheets/_rels/sheet2.xml.rels
09:28:38.518 [main] DEBUG - Parsing relationship: /_rels/.rels
09:28:38.535 [main] DEBUG - Save content types part
09:28:38.536 [main] DEBUG - Save package relationships
09:28:38.538 [main] DEBUG - Save part 'docProps/app.xml'
09:28:38.538 [main] DEBUG - Save part 'docProps/core.xml'
09:28:38.539 [main] DEBUG - Save part 'xl/sharedStrings.xml'
09:28:38.539 [main] DEBUG - Save part 'xl/styles.xml'
09:28:38.539 [main] DEBUG - Save part 'xl/theme/theme1.xml'
09:28:38.539 [main] DEBUG - Save part 'xl/workbook.xml'
09:28:38.540 [main] DEBUG - Save part 'xl/worksheets/sheet1.xml'
09:28:38.540 [main] DEBUG - Save part 'xl/worksheets/sheet2.xml'
09:28:38.541 [main] DEBUG - Save part 'xl/worksheets/sheet3.xml'
09:28:38.579 [main] DEBUG - Parsing relationship: /xl/_rels/workbook.xml.rels
09:28:38.579 [main] DEBUG - Parsing relationship: /xl/worksheets/_rels/sheet2.xml.rels
09:28:38.580 [main] DEBUG - Parsing relationship: /_rels/.rels
09:28:38.600 [main] DEBUG - Save content types part
09:28:38.601 [main] DEBUG - Save package relationships
09:28:38.602 [main] DEBUG - Save part 'docProps/app.xml'
09:28:38.602 [main] DEBUG - Save part 'docProps/core.xml'
09:28:38.603 [main] DEBUG - Save part 'xl/sharedStrings.xml'
09:28:38.603 [main] DEBUG - Save part 'xl/styles.xml'
09:28:38.604 [main] DEBUG - Save part 'xl/theme/theme1.xml'
09:28:38.604 [main] DEBUG - Save part 'xl/workbook.xml'
09:28:38.605 [main] DEBUG - Save part 'xl/worksheets/sheet1.xml'
09:28:38.605 [main] DEBUG - Save part 'xl/worksheets/sheet2.xml'
09:28:38.606 [main] DEBUG - Save part 'xl/worksheets/sheet3.xml'
09:28:38.638 [main] DEBUG - Parsing relationship: /xl/_rels/workbook.xml.rels
09:28:38.638 [main] DEBUG - Parsing relationship: /xl/worksheets/_rels/sheet2.xml.rels
09:28:38.639 [main] DEBUG - Parsing relationship: /_rels/.rels
09:28:38.657 [main] DEBUG - Save content types part
09:28:38.659 [main] DEBUG - Save package relationships
09:28:38.660 [main] DEBUG - Save part 'docProps/app.xml'
09:28:38.660 [main] DEBUG - Save part 'docProps/core.xml'
09:28:38.661 [main] DEBUG - Save part 'xl/sharedStrings.xml'
09:28:38.662 [main] DEBUG - Save part 'xl/styles.xml'
09:28:38.662 [main] DEBUG - Save part 'xl/theme/theme1.xml'
09:28:38.663 [main] DEBUG - Save part 'xl/workbook.xml'
09:28:38.664 [main] DEBUG - Save part 'xl/worksheets/sheet1.xml'
09:28:38.664 [main] DEBUG - Save part 'xl/worksheets/sheet2.xml'
09:28:38.666 [main] DEBUG - Save part 'xl/worksheets/sheet3.xml'
09:28:38.738 [main] DEBUG - Parsing relationship: /xl/_rels/workbook.xml.rels
09:28:38.739 [main] DEBUG - Parsing relationship: /xl/worksheets/_rels/sheet2.xml.rels
09:28:38.739 [main] DEBUG - Parsing relationship: /_rels/.rels
09:28:38.758 [main] DEBUG - Save content types part
09:28:38.759 [main] DEBUG - Save package relationships
09:28:38.759 [main] DEBUG - Save part 'docProps/app.xml'
09:28:38.759 [main] DEBUG - Save part 'docProps/core.xml'
09:28:38.760 [main] DEBUG - Save part 'xl/sharedStrings.xml'
09:28:38.760 [main] DEBUG - Save part 'xl/styles.xml'
09:28:38.761 [main] DEBUG - Save part 'xl/theme/theme1.xml'
09:28:38.761 [main] DEBUG - Save part 'xl/workbook.xml'
09:28:38.762 [main] DEBUG - Save part 'xl/worksheets/sheet1.xml'
09:28:38.762 [main] DEBUG - Save part 'xl/worksheets/sheet2.xml'
09:28:38.763 [main] DEBUG - Save part 'xl/worksheets/sheet3.xml'
09:28:38.799 [main] DEBUG - Parsing relationship: /xl/_rels/workbook.xml.rels
09:28:38.800 [main] DEBUG - Parsing relationship: /xl/worksheets/_rels/sheet2.xml.rels
09:28:38.800 [main] DEBUG - Parsing relationship: /_rels/.rels
09:28:38.813 [main] DEBUG - Save content types part
09:28:38.814 [main] DEBUG - Save package relationships
09:28:38.815 [main] DEBUG - Save part 'docProps/app.xml'
09:28:38.815 [main] DEBUG - Save part 'docProps/core.xml'
09:28:38.815 [main] DEBUG - Save part 'xl/sharedStrings.xml'
09:28:38.816 [main] DEBUG - Save part 'xl/styles.xml'
09:28:38.816 [main] DEBUG - Save part 'xl/theme/theme1.xml'
09:28:38.816 [main] DEBUG - Save part 'xl/workbook.xml'
09:28:38.817 [main] DEBUG - Save part 'xl/worksheets/sheet1.xml'
09:28:38.817 [main] DEBUG - Save part 'xl/worksheets/sheet2.xml'
09:28:38.818 [main] DEBUG - Save part 'xl/worksheets/sheet3.xml'
09:28:38.853 [main] DEBUG - Parsing relationship: /xl/_rels/workbook.xml.rels
09:28:38.853 [main] DEBUG - Parsing relationship: /xl/worksheets/_rels/sheet2.xml.rels
09:28:38.855 [main] DEBUG - Parsing relationship: /_rels/.rels
09:28:38.873 [main] DEBUG - Save content types part
09:28:38.875 [main] DEBUG - Save package relationships
09:28:38.876 [main] DEBUG - Save part 'docProps/app.xml'
09:28:38.876 [main] DEBUG - Save part 'docProps/core.xml'
09:28:38.877 [main] DEBUG - Save part 'xl/sharedStrings.xml'
09:28:38.877 [main] DEBUG - Save part 'xl/styles.xml'
09:28:38.878 [main] DEBUG - Save part 'xl/theme/theme1.xml'
09:28:38.878 [main] DEBUG - Save part 'xl/workbook.xml'
09:28:38.879 [main] DEBUG - Save part 'xl/worksheets/sheet1.xml'
09:28:38.880 [main] DEBUG - Save part 'xl/worksheets/sheet2.xml'
09:28:38.881 [main] DEBUG - Save part 'xl/worksheets/sheet3.xml'
09:28:38.953 [main] DEBUG - Parsing relationship: /xl/_rels/workbook.xml.rels
09:28:38.954 [main] DEBUG - Parsing relationship: /xl/worksheets/_rels/sheet2.xml.rels
09:28:38.954 [main] DEBUG - Parsing relationship: /_rels/.rels
09:28:38.968 [main] DEBUG - Save content types part
09:28:38.969 [main] DEBUG - Save package relationships
09:28:38.971 [main] DEBUG - Save part 'docProps/app.xml'
09:28:38.971 [main] DEBUG - Save part 'docProps/core.xml'
09:28:38.972 [main] DEBUG - Save part 'xl/sharedStrings.xml'
09:28:38.972 [main] DEBUG - Save part 'xl/styles.xml'
09:28:38.973 [main] DEBUG - Save part 'xl/theme/theme1.xml'
09:28:38.973 [main] DEBUG - Save part 'xl/workbook.xml'
09:28:38.974 [main] DEBUG - Save part 'xl/worksheets/sheet1.xml'
09:28:38.974 [main] DEBUG - Save part 'xl/worksheets/sheet2.xml'
09:28:38.975 [main] DEBUG - Save part 'xl/worksheets/sheet3.xml'
09:28:39.005 [main] DEBUG - Parsing relationship: /xl/_rels/workbook.xml.rels
09:28:39.005 [main] DEBUG - Parsing relationship: /xl/worksheets/_rels/sheet2.xml.rels
09:28:39.005 [main] DEBUG - Parsing relationship: /_rels/.rels
09:28:39.017 [main] DEBUG - Save content types part
09:28:39.018 [main] DEBUG - Save package relationships
09:28:39.019 [main] DEBUG - Save part 'docProps/app.xml'
09:28:39.019 [main] DEBUG - Save part 'docProps/core.xml'
09:28:39.019 [main] DEBUG - Save part 'xl/sharedStrings.xml'
09:28:39.020 [main] DEBUG - Save part 'xl/styles.xml'
09:28:39.020 [main] DEBUG - Save part 'xl/theme/theme1.xml'
09:28:39.020 [main] DEBUG - Save part 'xl/workbook.xml'
09:28:39.021 [main] DEBUG - Save part 'xl/worksheets/sheet1.xml'
09:28:39.021 [main] DEBUG - Save part 'xl/worksheets/sheet2.xml'
09:28:39.022 [main] DEBUG - Save part 'xl/worksheets/sheet3.xml'
09:28:39.051 [main] DEBUG - Parsing relationship: /xl/_rels/workbook.xml.rels
09:28:39.051 [main] DEBUG - Parsing relationship: /xl/worksheets/_rels/sheet2.xml.rels
09:28:39.052 [main] DEBUG - Parsing relationship: /_rels/.rels
09:28:39.064 [main] DEBUG - Save content types part
09:28:39.065 [main] DEBUG - Save package relationships
09:28:39.065 [main] DEBUG - Save part 'docProps/app.xml'
09:28:39.065 [main] DEBUG - Save part 'docProps/core.xml'
09:28:39.066 [main] DEBUG - Save part 'xl/sharedStrings.xml'
09:28:39.066 [main] DEBUG - Save part 'xl/styles.xml'
09:28:39.066 [main] DEBUG - Save part 'xl/theme/theme1.xml'
09:28:39.067 [main] DEBUG - Save part 'xl/workbook.xml'
09:28:39.067 [main] DEBUG - Save part 'xl/worksheets/sheet1.xml'
09:28:39.067 [main] DEBUG - Save part 'xl/worksheets/sheet2.xml'
09:28:39.068 [main] DEBUG - Save part 'xl/worksheets/sheet3.xml'
09:28:39.129 [main] DEBUG - Parsing relationship: /xl/_rels/workbook.xml.rels
09:28:39.129 [main] DEBUG - Parsing relationship: /xl/worksheets/_rels/sheet2.xml.rels
09:28:39.130 [main] DEBUG - Parsing relationship: /_rels/.rels
09:28:39.147 [main] DEBUG - Save content types part
09:28:39.148 [main] DEBUG - Save package relationships
09:28:39.149 [main] DEBUG - Save part 'docProps/app.xml'
09:28:39.149 [main] DEBUG - Save part 'docProps/core.xml'
09:28:39.149 [main] DEBUG - Save part 'xl/sharedStrings.xml'
09:28:39.150 [main] DEBUG - Save part 'xl/styles.xml'
09:28:39.150 [main] DEBUG - Save part 'xl/theme/theme1.xml'
09:28:39.150 [main] DEBUG - Save part 'xl/workbook.xml'
09:28:39.151 [main] DEBUG - Save part 'xl/worksheets/sheet1.xml'
09:28:39.151 [main] DEBUG - Save part 'xl/worksheets/sheet2.xml'
09:28:39.152 [main] DEBUG - Save part 'xl/worksheets/sheet3.xml'
09:28:39.187 [main] DEBUG - Parsing relationship: /xl/_rels/workbook.xml.rels
09:28:39.187 [main] DEBUG - Parsing relationship: /xl/worksheets/_rels/sheet2.xml.rels
09:28:39.188 [main] DEBUG - Parsing relationship: /_rels/.rels
09:28:39.205 [main] DEBUG - Save content types part
09:28:39.206 [main] DEBUG - Save package relationships
09:28:39.207 [main] DEBUG - Save part 'docProps/app.xml'
09:28:39.207 [main] DEBUG - Save part 'docProps/core.xml'
09:28:39.208 [main] DEBUG - Save part 'xl/sharedStrings.xml'
09:28:39.209 [main] DEBUG - Save part 'xl/styles.xml'
09:28:39.209 [main] DEBUG - Save part 'xl/theme/theme1.xml'
09:28:39.209 [main] DEBUG - Save part 'xl/workbook.xml'
09:28:39.210 [main] DEBUG - Save part 'xl/worksheets/sheet1.xml'
09:28:39.210 [main] DEBUG - Save part 'xl/worksheets/sheet2.xml'
09:28:39.211 [main] DEBUG - Save part 'xl/worksheets/sheet3.xml'
09:28:39.254 [main] DEBUG - Parsing relationship: /xl/_rels/workbook.xml.rels
09:28:39.254 [main] DEBUG - Parsing relationship: /xl/worksheets/_rels/sheet2.xml.rels
09:28:39.254 [main] DEBUG - Parsing relationship: /_rels/.rels
09:28:39.266 [main] DEBUG - Save content types part
09:28:39.267 [main] DEBUG - Save package relationships
09:28:39.268 [main] DEBUG - Save part 'docProps/app.xml'
09:28:39.268 [main] DEBUG - Save part 'docProps/core.xml'
09:28:39.268 [main] DEBUG - Save part 'xl/sharedStrings.xml'
09:28:39.269 [main] DEBUG - Save part 'xl/styles.xml'
09:28:39.269 [main] DEBUG - Save part 'xl/theme/theme1.xml'
09:28:39.269 [main] DEBUG - Save part 'xl/workbook.xml'
09:28:39.271 [main] DEBUG - Save part 'xl/worksheets/sheet1.xml'
09:28:39.271 [main] DEBUG - Save part 'xl/worksheets/sheet2.xml'
09:28:39.272 [main] DEBUG - Save part 'xl/worksheets/sheet3.xml'
09:28:39.343 [main] DEBUG - Parsing relationship: /xl/_rels/workbook.xml.rels
09:28:39.344 [main] DEBUG - Parsing relationship: /xl/worksheets/_rels/sheet2.xml.rels
09:28:39.344 [main] DEBUG - Parsing relationship: /_rels/.rels
09:28:39.360 [main] DEBUG - Save content types part
09:28:39.361 [main] DEBUG - Save package relationships
09:28:39.361 [main] DEBUG - Save part 'docProps/app.xml'
09:28:39.361 [main] DEBUG - Save part 'docProps/core.xml'
09:28:39.362 [main] DEBUG - Save part 'xl/sharedStrings.xml'
09:28:39.362 [main] DEBUG - Save part 'xl/styles.xml'
09:28:39.363 [main] DEBUG - Save part 'xl/theme/theme1.xml'
09:28:39.363 [main] DEBUG - Save part 'xl/workbook.xml'
09:28:39.363 [main] DEBUG - Save part 'xl/worksheets/sheet1.xml'
09:28:39.364 [main] DEBUG - Save part 'xl/worksheets/sheet2.xml'
09:28:39.364 [main] DEBUG - Save part 'xl/worksheets/sheet3.xml'
09:28:39.395 [main] DEBUG - Parsing relationship: /xl/_rels/workbook.xml.rels
09:28:39.395 [main] DEBUG - Parsing relationship: /xl/worksheets/_rels/sheet2.xml.rels
09:28:39.395 [main] DEBUG - Parsing relationship: /_rels/.rels
09:28:39.407 [main] DEBUG - Save content types part
09:28:39.407 [main] DEBUG - Save package relationships
09:28:39.408 [main] DEBUG - Save part 'docProps/app.xml'
09:28:39.408 [main] DEBUG - Save part 'docProps/core.xml'
09:28:39.409 [main] DEBUG - Save part 'xl/sharedStrings.xml'
09:28:39.409 [main] DEBUG - Save part 'xl/styles.xml'
09:28:39.409 [main] DEBUG - Save part 'xl/theme/theme1.xml'
09:28:39.409 [main] DEBUG - Save part 'xl/workbook.xml'
09:28:39.410 [main] DEBUG - Save part 'xl/worksheets/sheet1.xml'
09:28:39.410 [main] DEBUG - Save part 'xl/worksheets/sheet2.xml'
09:28:39.411 [main] DEBUG - Save part 'xl/worksheets/sheet3.xml'
09:28:39.441 [main] DEBUG - Parsing relationship: /xl/_rels/workbook.xml.rels
09:28:39.442 [main] DEBUG - Parsing relationship: /xl/worksheets/_rels/sheet2.xml.rels
09:28:39.442 [main] DEBUG - Parsing relationship: /_rels/.rels
09:28:39.455 [main] DEBUG - Save content types part
09:28:39.456 [main] DEBUG - Save package relationships
09:28:39.456 [main] DEBUG - Save part 'docProps/app.xml'
09:28:39.457 [main] DEBUG - Save part 'docProps/core.xml'
09:28:39.457 [main] DEBUG - Save part 'xl/sharedStrings.xml'
09:28:39.458 [main] DEBUG - Save part 'xl/styles.xml'
09:28:39.458 [main] DEBUG - Save part 'xl/theme/theme1.xml'
09:28:39.458 [main] DEBUG - Save part 'xl/workbook.xml'
09:28:39.459 [main] DEBUG - Save part 'xl/worksheets/sheet1.xml'
09:28:39.459 [main] DEBUG - Save part 'xl/worksheets/sheet2.xml'
09:28:39.460 [main] DEBUG - Save part 'xl/worksheets/sheet3.xml'
09:28:39.527 [main] DEBUG - Parsing relationship: /xl/_rels/workbook.xml.rels
09:28:39.527 [main] DEBUG - Parsing relationship: /xl/worksheets/_rels/sheet2.xml.rels
09:28:39.527 [main] DEBUG - Parsing relationship: /_rels/.rels
09:28:39.544 [main] DEBUG - Save content types part
09:28:39.545 [main] DEBUG - Save package relationships
09:28:39.546 [main] DEBUG - Save part 'docProps/app.xml'
09:28:39.546 [main] DEBUG - Save part 'docProps/core.xml'
09:28:39.546 [main] DEBUG - Save part 'xl/sharedStrings.xml'
09:28:39.547 [main] DEBUG - Save part 'xl/styles.xml'
09:28:39.547 [main] DEBUG - Save part 'xl/theme/theme1.xml'
09:28:39.547 [main] DEBUG - Save part 'xl/workbook.xml'
09:28:39.548 [main] DEBUG - Save part 'xl/worksheets/sheet1.xml'
09:28:39.548 [main] DEBUG - Save part 'xl/worksheets/sheet2.xml'
09:28:39.549 [main] DEBUG - Save part 'xl/worksheets/sheet3.xml'
09:28:39.575 [main] DEBUG - Parsing relationship: /xl/_rels/workbook.xml.rels
09:28:39.576 [main] DEBUG - Parsing relationship: /xl/worksheets/_rels/sheet2.xml.rels
09:28:39.576 [main] DEBUG - Parsing relationship: /_rels/.rels
09:28:39.593 [main] DEBUG - Save content types part
09:28:39.594 [main] DEBUG - Save package relationships
09:28:39.595 [main] DEBUG - Save part 'docProps/app.xml'
09:28:39.595 [main] DEBUG - Save part 'docProps/core.xml'
09:28:39.596 [main] DEBUG - Save part 'xl/sharedStrings.xml'
09:28:39.596 [main] DEBUG - Save part 'xl/styles.xml'
09:28:39.596 [main] DEBUG - Save part 'xl/theme/theme1.xml'
09:28:39.596 [main] DEBUG - Save part 'xl/workbook.xml'
09:28:39.597 [main] DEBUG - Save part 'xl/worksheets/sheet1.xml'
09:28:39.597 [main] DEBUG - Save part 'xl/worksheets/sheet2.xml'
09:28:39.598 [main] DEBUG - Save part 'xl/worksheets/sheet3.xml'
09:28:39.623 [main] DEBUG - Parsing relationship: /xl/_rels/workbook.xml.rels
09:28:39.623 [main] DEBUG - Parsing relationship: /xl/worksheets/_rels/sheet2.xml.rels
09:28:39.623 [main] DEBUG - Parsing relationship: /_rels/.rels
09:28:39.640 [main] DEBUG - Save content types part
09:28:39.640 [main] DEBUG - Save package relationships
09:28:39.641 [main] DEBUG - Save part 'docProps/app.xml'
09:28:39.641 [main] DEBUG - Save part 'docProps/core.xml'
09:28:39.642 [main] DEBUG - Save part 'xl/sharedStrings.xml'
09:28:39.642 [main] DEBUG - Save part 'xl/styles.xml'
09:28:39.642 [main] DEBUG - Save part 'xl/theme/theme1.xml'
09:28:39.643 [main] DEBUG - Save part 'xl/workbook.xml'
09:28:39.643 [main] DEBUG - Save part 'xl/worksheets/sheet1.xml'
09:28:39.644 [main] DEBUG - Save part 'xl/worksheets/sheet2.xml'
09:28:39.644 [main] DEBUG - Save part 'xl/worksheets/sheet3.xml'
09:28:39.868 [main] INFO  - Scrolling to popularcities
09:28:40.057 [main] INFO  - *** ending with popular city names***
09:28:40.088 [main] DEBUG - Parsing relationship: /xl/_rels/workbook.xml.rels
09:28:40.089 [main] DEBUG - Parsing relationship: /xl/worksheets/_rels/sheet2.xml.rels
09:28:40.089 [main] DEBUG - Parsing relationship: /_rels/.rels
09:28:40.120 [main] DEBUG - Save content types part
09:28:40.121 [main] DEBUG - Save package relationships
09:28:40.122 [main] DEBUG - Save part 'docProps/app.xml'
09:28:40.122 [main] DEBUG - Save part 'docProps/core.xml'
09:28:40.122 [main] DEBUG - Save part 'xl/sharedStrings.xml'
09:28:40.123 [main] DEBUG - Save part 'xl/styles.xml'
09:28:40.123 [main] DEBUG - Save part 'xl/theme/theme1.xml'
09:28:40.123 [main] DEBUG - Save part 'xl/workbook.xml'
09:28:40.124 [main] DEBUG - Save part 'xl/worksheets/sheet1.xml'
09:28:40.124 [main] DEBUG - Save part 'xl/worksheets/sheet2.xml'
09:28:40.125 [main] DEBUG - Save part 'xl/worksheets/sheet3.xml'
09:28:40.171 [main] DEBUG - Parsing relationship: /xl/_rels/workbook.xml.rels
09:28:40.172 [main] DEBUG - Parsing relationship: /xl/worksheets/_rels/sheet2.xml.rels
09:28:40.172 [main] DEBUG - Parsing relationship: /_rels/.rels
09:28:40.189 [main] DEBUG - Save content types part
09:28:40.190 [main] DEBUG - Save package relationships
09:28:40.190 [main] DEBUG - Save part 'docProps/app.xml'
09:28:40.190 [main] DEBUG - Save part 'docProps/core.xml'
09:28:40.192 [main] DEBUG - Save part 'xl/sharedStrings.xml'
09:28:40.192 [main] DEBUG - Save part 'xl/styles.xml'
09:28:40.192 [main] DEBUG - Save part 'xl/theme/theme1.xml'
09:28:40.192 [main] DEBUG - Save part 'xl/workbook.xml'
09:28:40.193 [main] DEBUG - Save part 'xl/worksheets/sheet1.xml'
09:28:40.193 [main] DEBUG - Save part 'xl/worksheets/sheet2.xml'
09:28:40.194 [main] DEBUG - Save part 'xl/worksheets/sheet3.xml'
09:28:40.217 [main] DEBUG - Parsing relationship: /xl/_rels/workbook.xml.rels
09:28:40.218 [main] DEBUG - Parsing relationship: /xl/worksheets/_rels/sheet2.xml.rels
09:28:40.218 [main] DEBUG - Parsing relationship: /_rels/.rels
09:28:40.233 [main] DEBUG - Save content types part
09:28:40.234 [main] DEBUG - Save package relationships
09:28:40.235 [main] DEBUG - Save part 'docProps/app.xml'
09:28:40.235 [main] DEBUG - Save part 'docProps/core.xml'
09:28:40.237 [main] DEBUG - Save part 'xl/sharedStrings.xml'
09:28:40.237 [main] DEBUG - Save part 'xl/styles.xml'
09:28:40.237 [main] DEBUG - Save part 'xl/theme/theme1.xml'
09:28:40.237 [main] DEBUG - Save part 'xl/workbook.xml'
09:28:40.238 [main] DEBUG - Save part 'xl/worksheets/sheet1.xml'
09:28:40.239 [main] DEBUG - Save part 'xl/worksheets/sheet2.xml'
09:28:40.240 [main] DEBUG - Save part 'xl/worksheets/sheet3.xml'
09:28:40.294 [main] DEBUG - Parsing relationship: /xl/_rels/workbook.xml.rels
09:28:40.294 [main] DEBUG - Parsing relationship: /xl/worksheets/_rels/sheet2.xml.rels
09:28:40.294 [main] DEBUG - Parsing relationship: /_rels/.rels
09:28:40.314 [main] DEBUG - Save content types part
09:28:40.315 [main] DEBUG - Save package relationships
09:28:40.316 [main] DEBUG - Save part 'docProps/app.xml'
09:28:40.316 [main] DEBUG - Save part 'docProps/core.xml'
09:28:40.317 [main] DEBUG - Save part 'xl/sharedStrings.xml'
09:28:40.317 [main] DEBUG - Save part 'xl/styles.xml'
09:28:40.318 [main] DEBUG - Save part 'xl/theme/theme1.xml'
09:28:40.318 [main] DEBUG - Save part 'xl/workbook.xml'
09:28:40.319 [main] DEBUG - Save part 'xl/worksheets/sheet1.xml'
09:28:40.319 [main] DEBUG - Save part 'xl/worksheets/sheet2.xml'
09:28:40.320 [main] DEBUG - Save part 'xl/worksheets/sheet3.xml'
09:28:40.375 [main] DEBUG - Parsing relationship: /xl/_rels/workbook.xml.rels
09:28:40.375 [main] DEBUG - Parsing relationship: /xl/worksheets/_rels/sheet2.xml.rels
09:28:40.375 [main] DEBUG - Parsing relationship: /_rels/.rels
09:28:40.392 [main] DEBUG - Save content types part
09:28:40.393 [main] DEBUG - Save package relationships
09:28:40.393 [main] DEBUG - Save part 'docProps/app.xml'
09:28:40.393 [main] DEBUG - Save part 'docProps/core.xml'
09:28:40.394 [main] DEBUG - Save part 'xl/sharedStrings.xml'
09:28:40.395 [main] DEBUG - Save part 'xl/styles.xml'
09:28:40.395 [main] DEBUG - Save part 'xl/theme/theme1.xml'
09:28:40.395 [main] DEBUG - Save part 'xl/workbook.xml'
09:28:40.396 [main] DEBUG - Save part 'xl/worksheets/sheet1.xml'
09:28:40.396 [main] DEBUG - Save part 'xl/worksheets/sheet2.xml'
09:28:40.397 [main] DEBUG - Save part 'xl/worksheets/sheet3.xml'
09:28:40.448 [main] DEBUG - Parsing relationship: /xl/_rels/workbook.xml.rels
09:28:40.448 [main] DEBUG - Parsing relationship: /xl/worksheets/_rels/sheet2.xml.rels
09:28:40.449 [main] DEBUG - Parsing relationship: /_rels/.rels
09:28:40.466 [main] DEBUG - Save content types part
09:28:40.467 [main] DEBUG - Save package relationships
09:28:40.467 [main] DEBUG - Save part 'docProps/app.xml'
09:28:40.467 [main] DEBUG - Save part 'docProps/core.xml'
09:28:40.468 [main] DEBUG - Save part 'xl/sharedStrings.xml'
09:28:40.468 [main] DEBUG - Save part 'xl/styles.xml'
09:28:40.468 [main] DEBUG - Save part 'xl/theme/theme1.xml'
09:28:40.469 [main] DEBUG - Save part 'xl/workbook.xml'
09:28:40.469 [main] DEBUG - Save part 'xl/worksheets/sheet1.xml'
09:28:40.470 [main] DEBUG - Save part 'xl/worksheets/sheet2.xml'
09:28:40.471 [main] DEBUG - Save part 'xl/worksheets/sheet3.xml'
09:28:40.496 [main] DEBUG - Parsing relationship: /xl/_rels/workbook.xml.rels
09:28:40.497 [main] DEBUG - Parsing relationship: /xl/worksheets/_rels/sheet2.xml.rels
09:28:40.497 [main] DEBUG - Parsing relationship: /_rels/.rels
09:28:40.518 [main] DEBUG - Save content types part
09:28:40.519 [main] DEBUG - Save package relationships
09:28:40.519 [main] DEBUG - Save part 'docProps/app.xml'
09:28:40.519 [main] DEBUG - Save part 'docProps/core.xml'
09:28:40.520 [main] DEBUG - Save part 'xl/sharedStrings.xml'
09:28:40.521 [main] DEBUG - Save part 'xl/styles.xml'
09:28:40.521 [main] DEBUG - Save part 'xl/theme/theme1.xml'
09:28:40.521 [main] DEBUG - Save part 'xl/workbook.xml'
09:28:40.522 [main] DEBUG - Save part 'xl/worksheets/sheet1.xml'
09:28:40.522 [main] DEBUG - Save part 'xl/worksheets/sheet2.xml'
09:28:40.523 [main] DEBUG - Save part 'xl/worksheets/sheet3.xml'
09:28:40.586 [main] DEBUG - Parsing relationship: /xl/_rels/workbook.xml.rels
09:28:40.588 [main] DEBUG - Parsing relationship: /xl/worksheets/_rels/sheet2.xml.rels
09:28:40.588 [main] DEBUG - Parsing relationship: /_rels/.rels
09:28:40.606 [main] DEBUG - Save content types part
09:28:40.607 [main] DEBUG - Save package relationships
09:28:40.608 [main] DEBUG - Save part 'docProps/app.xml'
09:28:40.608 [main] DEBUG - Save part 'docProps/core.xml'
09:28:40.609 [main] DEBUG - Save part 'xl/sharedStrings.xml'
09:28:40.609 [main] DEBUG - Save part 'xl/styles.xml'
09:28:40.610 [main] DEBUG - Save part 'xl/theme/theme1.xml'
09:28:40.610 [main] DEBUG - Save part 'xl/workbook.xml'
09:28:40.611 [main] DEBUG - Save part 'xl/worksheets/sheet1.xml'
09:28:40.611 [main] DEBUG - Save part 'xl/worksheets/sheet2.xml'
09:28:40.612 [main] DEBUG - Save part 'xl/worksheets/sheet3.xml'
09:28:40.639 [main] DEBUG - Parsing relationship: /xl/_rels/workbook.xml.rels
09:28:40.639 [main] DEBUG - Parsing relationship: /xl/worksheets/_rels/sheet2.xml.rels
09:28:40.640 [main] DEBUG - Parsing relationship: /_rels/.rels
09:28:40.654 [main] DEBUG - Save content types part
09:28:40.655 [main] DEBUG - Save package relationships
09:28:40.657 [main] DEBUG - Save part 'docProps/app.xml'
09:28:40.657 [main] DEBUG - Save part 'docProps/core.xml'
09:28:40.658 [main] DEBUG - Save part 'xl/sharedStrings.xml'
09:28:40.658 [main] DEBUG - Save part 'xl/styles.xml'
09:28:40.658 [main] DEBUG - Save part 'xl/theme/theme1.xml'
09:28:40.659 [main] DEBUG - Save part 'xl/workbook.xml'
09:28:40.660 [main] DEBUG - Save part 'xl/worksheets/sheet1.xml'
09:28:40.660 [main] DEBUG - Save part 'xl/worksheets/sheet2.xml'
09:28:40.661 [main] DEBUG - Save part 'xl/worksheets/sheet3.xml'
09:28:40.712 [main] DEBUG - Parsing relationship: /xl/_rels/workbook.xml.rels
09:28:40.712 [main] DEBUG - Parsing relationship: /xl/worksheets/_rels/sheet2.xml.rels
09:28:40.713 [main] DEBUG - Parsing relationship: /_rels/.rels
09:28:40.731 [main] DEBUG - Save content types part
09:28:40.732 [main] DEBUG - Save package relationships
09:28:40.732 [main] DEBUG - Save part 'docProps/app.xml'
09:28:40.732 [main] DEBUG - Save part 'docProps/core.xml'
09:28:40.733 [main] DEBUG - Save part 'xl/sharedStrings.xml'
09:28:40.734 [main] DEBUG - Save part 'xl/styles.xml'
09:28:40.734 [main] DEBUG - Save part 'xl/theme/theme1.xml'
09:28:40.734 [main] DEBUG - Save part 'xl/workbook.xml'
09:28:40.735 [main] DEBUG - Save part 'xl/worksheets/sheet1.xml'
09:28:40.735 [main] DEBUG - Save part 'xl/worksheets/sheet2.xml'
09:28:40.736 [main] DEBUG - Save part 'xl/worksheets/sheet3.xml'
09:28:40.760 [main] DEBUG - Parsing relationship: /xl/_rels/workbook.xml.rels
09:28:40.761 [main] DEBUG - Parsing relationship: /xl/worksheets/_rels/sheet2.xml.rels
09:28:40.761 [main] DEBUG - Parsing relationship: /_rels/.rels
09:28:40.784 [main] DEBUG - Save content types part
09:28:40.785 [main] DEBUG - Save package relationships
09:28:40.786 [main] DEBUG - Save part 'docProps/app.xml'
09:28:40.786 [main] DEBUG - Save part 'docProps/core.xml'
09:28:40.787 [main] DEBUG - Save part 'xl/sharedStrings.xml'
09:28:40.787 [main] DEBUG - Save part 'xl/styles.xml'
09:28:40.788 [main] DEBUG - Save part 'xl/theme/theme1.xml'
09:28:40.788 [main] DEBUG - Save part 'xl/workbook.xml'
09:28:40.789 [main] DEBUG - Save part 'xl/worksheets/sheet1.xml'
09:28:40.789 [main] DEBUG - Save part 'xl/worksheets/sheet2.xml'
09:28:40.791 [main] DEBUG - Save part 'xl/worksheets/sheet3.xml'
09:28:40.851 [main] DEBUG - Parsing relationship: /xl/_rels/workbook.xml.rels
09:28:40.852 [main] DEBUG - Parsing relationship: /xl/worksheets/_rels/sheet2.xml.rels
09:28:40.853 [main] DEBUG - Parsing relationship: /_rels/.rels
09:28:40.873 [main] DEBUG - Save content types part
09:28:40.874 [main] DEBUG - Save package relationships
09:28:40.874 [main] DEBUG - Save part 'docProps/app.xml'
09:28:40.874 [main] DEBUG - Save part 'docProps/core.xml'
09:28:40.875 [main] DEBUG - Save part 'xl/sharedStrings.xml'
09:28:40.875 [main] DEBUG - Save part 'xl/styles.xml'
09:28:40.875 [main] DEBUG - Save part 'xl/theme/theme1.xml'
09:28:40.876 [main] DEBUG - Save part 'xl/workbook.xml'
09:28:40.876 [main] DEBUG - Save part 'xl/worksheets/sheet1.xml'
09:28:40.877 [main] DEBUG - Save part 'xl/worksheets/sheet2.xml'
09:28:40.878 [main] DEBUG - Save part 'xl/worksheets/sheet3.xml'
09:28:40.907 [main] DEBUG - Parsing relationship: /xl/_rels/workbook.xml.rels
09:28:40.907 [main] DEBUG - Parsing relationship: /xl/worksheets/_rels/sheet2.xml.rels
09:28:40.908 [main] DEBUG - Parsing relationship: /_rels/.rels
09:28:40.927 [main] DEBUG - Save content types part
09:28:40.928 [main] DEBUG - Save package relationships
09:28:40.929 [main] DEBUG - Save part 'docProps/app.xml'
09:28:40.929 [main] DEBUG - Save part 'docProps/core.xml'
09:28:40.931 [main] DEBUG - Save part 'xl/sharedStrings.xml'
09:28:40.931 [main] DEBUG - Save part 'xl/styles.xml'
09:28:40.932 [main] DEBUG - Save part 'xl/theme/theme1.xml'
09:28:40.932 [main] DEBUG - Save part 'xl/workbook.xml'
09:28:40.933 [main] DEBUG - Save part 'xl/worksheets/sheet1.xml'
09:28:40.934 [main] DEBUG - Save part 'xl/worksheets/sheet2.xml'
09:28:40.935 [main] DEBUG - Save part 'xl/worksheets/sheet3.xml'
09:28:41.010 [main] DEBUG - Parsing relationship: /xl/_rels/workbook.xml.rels
09:28:41.011 [main] DEBUG - Parsing relationship: /xl/worksheets/_rels/sheet2.xml.rels
09:28:41.011 [main] DEBUG - Parsing relationship: /_rels/.rels
09:28:41.030 [main] DEBUG - Save content types part
09:28:41.030 [main] DEBUG - Save package relationships
09:28:41.031 [main] DEBUG - Save part 'docProps/app.xml'
09:28:41.031 [main] DEBUG - Save part 'docProps/core.xml'
09:28:41.032 [main] DEBUG - Save part 'xl/sharedStrings.xml'
09:28:41.032 [main] DEBUG - Save part 'xl/styles.xml'
09:28:41.032 [main] DEBUG - Save part 'xl/theme/theme1.xml'
09:28:41.033 [main] DEBUG - Save part 'xl/workbook.xml'
09:28:41.033 [main] DEBUG - Save part 'xl/worksheets/sheet1.xml'
09:28:41.034 [main] DEBUG - Save part 'xl/worksheets/sheet2.xml'
09:28:41.034 [main] DEBUG - Save part 'xl/worksheets/sheet3.xml'
09:28:41.059 [main] DEBUG - Parsing relationship: /xl/_rels/workbook.xml.rels
09:28:41.059 [main] DEBUG - Parsing relationship: /xl/worksheets/_rels/sheet2.xml.rels
09:28:41.059 [main] DEBUG - Parsing relationship: /_rels/.rels
09:28:41.072 [main] DEBUG - Save content types part
09:28:41.072 [main] DEBUG - Save package relationships
09:28:41.073 [main] DEBUG - Save part 'docProps/app.xml'
09:28:41.073 [main] DEBUG - Save part 'docProps/core.xml'
09:28:41.074 [main] DEBUG - Save part 'xl/sharedStrings.xml'
09:28:41.074 [main] DEBUG - Save part 'xl/styles.xml'
09:28:41.074 [main] DEBUG - Save part 'xl/theme/theme1.xml'
09:28:41.074 [main] DEBUG - Save part 'xl/workbook.xml'
09:28:41.075 [main] DEBUG - Save part 'xl/worksheets/sheet1.xml'
09:28:41.075 [main] DEBUG - Save part 'xl/worksheets/sheet2.xml'
09:28:41.076 [main] DEBUG - Save part 'xl/worksheets/sheet3.xml'
09:28:41.145 [main] DEBUG - Parsing relationship: /xl/_rels/workbook.xml.rels
09:28:41.146 [main] DEBUG - Parsing relationship: /xl/worksheets/_rels/sheet2.xml.rels
09:28:41.146 [main] DEBUG - Parsing relationship: /_rels/.rels
09:28:41.158 [main] DEBUG - Save content types part
09:28:41.159 [main] DEBUG - Save package relationships
09:28:41.159 [main] DEBUG - Save part 'docProps/app.xml'
09:28:41.159 [main] DEBUG - Save part 'docProps/core.xml'
09:28:41.160 [main] DEBUG - Save part 'xl/sharedStrings.xml'
09:28:41.160 [main] DEBUG - Save part 'xl/styles.xml'
09:28:41.161 [main] DEBUG - Save part 'xl/theme/theme1.xml'
09:28:41.161 [main] DEBUG - Save part 'xl/workbook.xml'
09:28:41.161 [main] DEBUG - Save part 'xl/worksheets/sheet1.xml'
09:28:41.162 [main] DEBUG - Save part 'xl/worksheets/sheet2.xml'
09:28:41.162 [main] DEBUG - Save part 'xl/worksheets/sheet3.xml'
09:28:41.190 [main] DEBUG - Parsing relationship: /xl/_rels/workbook.xml.rels
09:28:41.190 [main] DEBUG - Parsing relationship: /xl/worksheets/_rels/sheet2.xml.rels
09:28:41.190 [main] DEBUG - Parsing relationship: /_rels/.rels
09:28:41.204 [main] DEBUG - Save content types part
09:28:41.205 [main] DEBUG - Save package relationships
09:28:41.206 [main] DEBUG - Save part 'docProps/app.xml'
09:28:41.206 [main] DEBUG - Save part 'docProps/core.xml'
09:28:41.206 [main] DEBUG - Save part 'xl/sharedStrings.xml'
09:28:41.207 [main] DEBUG - Save part 'xl/styles.xml'
09:28:41.207 [main] DEBUG - Save part 'xl/theme/theme1.xml'
09:28:41.207 [main] DEBUG - Save part 'xl/workbook.xml'
09:28:41.208 [main] DEBUG - Save part 'xl/worksheets/sheet1.xml'
09:28:41.208 [main] DEBUG - Save part 'xl/worksheets/sheet2.xml'
09:28:41.209 [main] DEBUG - Save part 'xl/worksheets/sheet3.xml'
09:28:41.271 [main] DEBUG - Parsing relationship: /xl/_rels/workbook.xml.rels
09:28:41.271 [main] DEBUG - Parsing relationship: /xl/worksheets/_rels/sheet2.xml.rels
09:28:41.271 [main] DEBUG - Parsing relationship: /_rels/.rels
09:28:41.285 [main] DEBUG - Save content types part
09:28:41.286 [main] DEBUG - Save package relationships
09:28:41.287 [main] DEBUG - Save part 'docProps/app.xml'
09:28:41.287 [main] DEBUG - Save part 'docProps/core.xml'
09:28:41.288 [main] DEBUG - Save part 'xl/sharedStrings.xml'
09:28:41.288 [main] DEBUG - Save part 'xl/styles.xml'
09:28:41.288 [main] DEBUG - Save part 'xl/theme/theme1.xml'
09:28:41.288 [main] DEBUG - Save part 'xl/workbook.xml'
09:28:41.289 [main] DEBUG - Save part 'xl/worksheets/sheet1.xml'
09:28:41.289 [main] DEBUG - Save part 'xl/worksheets/sheet2.xml'
09:28:41.290 [main] DEBUG - Save part 'xl/worksheets/sheet3.xml'
