21:36:14.171 [main] DEBUG - Parsing relationship: /xl/worksheets/_rels/sheet2.xml.rels
21:36:14.182 [main] DEBUG - Parsing relationship: /_rels/.rels
21:36:14.214 [main] DEBUG - Save content types part
21:36:14.217 [main] DEBUG - Save package relationships
21:36:14.219 [main] DEBUG - Save part 'docProps/app.xml'
21:36:14.219 [main] DEBUG - Save part 'docProps/core.xml'
21:36:14.222 [main] DEBUG - Save part 'xl/sharedStrings.xml'
21:36:14.223 [main] DEBUG - Save part 'xl/styles.xml'
21:36:14.223 [main] DEBUG - Save part 'xl/theme/theme1.xml'
21:36:14.224 [main] DEBUG - Save part 'xl/workbook.xml'
21:36:14.228 [main] DEBUG - Save part 'xl/worksheets/sheet1.xml'
21:36:14.229 [main] DEBUG - Save part 'xl/worksheets/sheet2.xml'
21:36:14.231 [main] DEBUG - Save part 'xl/worksheets/sheet3.xml'
21:36:14.285 [main] DEBUG - Parsing relationship: /xl/_rels/workbook.xml.rels
21:36:14.286 [main] DEBUG - Parsing relationship: /xl/worksheets/_rels/sheet2.xml.rels
21:36:14.287 [main] DEBUG - Parsing relationship: /_rels/.rels
21:36:14.316 [main] DEBUG - Save content types part
21:36:14.318 [main] DEBUG - Save package relationships
21:36:14.320 [main] DEBUG - Save part 'docProps/app.xml'
21:36:14.320 [main] DEBUG - Save part 'docProps/core.xml'
21:36:14.323 [main] DEBUG - Save part 'xl/sharedStrings.xml'
21:36:14.324 [main] DEBUG - Save part 'xl/styles.xml'
21:36:14.324 [main] DEBUG - Save part 'xl/theme/theme1.xml'
21:36:14.325 [main] DEBUG - Save part 'xl/workbook.xml'
21:36:14.327 [main] DEBUG - Save part 'xl/worksheets/sheet1.xml'
21:36:14.328 [main] DEBUG - Save part 'xl/worksheets/sheet2.xml'
21:36:14.331 [main] DEBUG - Save part 'xl/worksheets/sheet3.xml'
21:36:14.379 [main] DEBUG - Parsing relationship: /xl/_rels/workbook.xml.rels
21:36:14.380 [main] DEBUG - Parsing relationship: /xl/worksheets/_rels/sheet2.xml.rels
21:36:14.381 [main] DEBUG - Parsing relationship: /_rels/.rels
21:36:14.415 [main] DEBUG - Save content types part
21:36:14.417 [main] DEBUG - Save package relationships
21:36:14.420 [main] DEBUG - Save part 'docProps/app.xml'
21:36:14.420 [main] DEBUG - Save part 'docProps/core.xml'
21:36:14.423 [main] DEBUG - Save part 'xl/sharedStrings.xml'
21:36:14.424 [main] DEBUG - Save part 'xl/styles.xml'
21:36:14.425 [main] DEBUG - Save part 'xl/theme/theme1.xml'
21:36:14.426 [main] DEBUG - Save part 'xl/workbook.xml'
21:36:14.429 [main] DEBUG - Save part 'xl/worksheets/sheet1.xml'
21:36:14.430 [main] DEBUG - Save part 'xl/worksheets/sheet2.xml'
21:36:14.432 [main] DEBUG - Save part 'xl/worksheets/sheet3.xml'
21:36:14.548 [main] DEBUG - Parsing relationship: /xl/_rels/workbook.xml.rels
21:36:14.549 [main] DEBUG - Parsing relationship: /xl/worksheets/_rels/sheet2.xml.rels
21:36:14.554 [main] DEBUG - Parsing relationship: /_rels/.rels
21:36:14.593 [main] DEBUG - Save content types part
21:36:14.595 [main] DEBUG - Save package relationships
21:36:14.597 [main] DEBUG - Save part 'docProps/app.xml'
21:36:14.597 [main] DEBUG - Save part 'docProps/core.xml'
21:36:14.599 [main] DEBUG - Save part 'xl/sharedStrings.xml'
21:36:14.599 [main] DEBUG - Save part 'xl/styles.xml'
21:36:14.600 [main] DEBUG - Save part 'xl/theme/theme1.xml'
21:36:14.600 [main] DEBUG - Save part 'xl/workbook.xml'
21:36:14.602 [main] DEBUG - Save part 'xl/worksheets/sheet1.xml'
21:36:14.602 [main] DEBUG - Save part 'xl/worksheets/sheet2.xml'
21:36:14.605 [main] DEBUG - Save part 'xl/worksheets/sheet3.xml'
21:36:14.643 [main] DEBUG - Parsing relationship: /xl/_rels/workbook.xml.rels
21:36:14.643 [main] DEBUG - Parsing relationship: /xl/worksheets/_rels/sheet2.xml.rels
21:36:14.644 [main] DEBUG - Parsing relationship: /_rels/.rels
21:36:14.662 [main] DEBUG - Save content types part
21:36:14.664 [main] DEBUG - Save package relationships
21:36:14.665 [main] DEBUG - Save part 'docProps/app.xml'
21:36:14.665 [main] DEBUG - Save part 'docProps/core.xml'
21:36:14.666 [main] DEBUG - Save part 'xl/sharedStrings.xml'
21:36:14.667 [main] DEBUG - Save part 'xl/styles.xml'
21:36:14.667 [main] DEBUG - Save part 'xl/theme/theme1.xml'
21:36:14.667 [main] DEBUG - Save part 'xl/workbook.xml'
21:36:14.668 [main] DEBUG - Save part 'xl/worksheets/sheet1.xml'
21:36:14.669 [main] DEBUG - Save part 'xl/worksheets/sheet2.xml'
21:36:14.670 [main] DEBUG - Save part 'xl/worksheets/sheet3.xml'
21:36:14.711 [main] DEBUG - Parsing relationship: /xl/_rels/workbook.xml.rels
21:36:14.712 [main] DEBUG - Parsing relationship: /xl/worksheets/_rels/sheet2.xml.rels
21:36:14.713 [main] DEBUG - Parsing relationship: /_rels/.rels
21:36:14.733 [main] DEBUG - Save content types part
21:36:14.734 [main] DEBUG - Save package relationships
21:36:14.735 [main] DEBUG - Save part 'docProps/app.xml'
21:36:14.735 [main] DEBUG - Save part 'docProps/core.xml'
21:36:14.737 [main] DEBUG - Save part 'xl/sharedStrings.xml'
21:36:14.737 [main] DEBUG - Save part 'xl/styles.xml'
21:36:14.737 [main] DEBUG - Save part 'xl/theme/theme1.xml'
21:36:14.738 [main] DEBUG - Save part 'xl/workbook.xml'
21:36:14.739 [main] DEBUG - Save part 'xl/worksheets/sheet1.xml'
21:36:14.739 [main] DEBUG - Save part 'xl/worksheets/sheet2.xml'
21:36:14.741 [main] DEBUG - Save part 'xl/worksheets/sheet3.xml'
21:36:14.813 [main] DEBUG - Parsing relationship: /xl/_rels/workbook.xml.rels
21:36:14.814 [main] DEBUG - Parsing relationship: /xl/worksheets/_rels/sheet2.xml.rels
21:36:14.814 [main] DEBUG - Parsing relationship: /_rels/.rels
21:36:14.830 [main] DEBUG - Save content types part
21:36:14.831 [main] DEBUG - Save package relationships
21:36:14.832 [main] DEBUG - Save part 'docProps/app.xml'
21:36:14.832 [main] DEBUG - Save part 'docProps/core.xml'
21:36:14.833 [main] DEBUG - Save part 'xl/sharedStrings.xml'
21:36:14.833 [main] DEBUG - Save part 'xl/styles.xml'
21:36:14.833 [main] DEBUG - Save part 'xl/theme/theme1.xml'
21:36:14.835 [main] DEBUG - Save part 'xl/workbook.xml'
21:36:14.835 [main] DEBUG - Save part 'xl/worksheets/sheet1.xml'
21:36:14.835 [main] DEBUG - Save part 'xl/worksheets/sheet2.xml'
21:36:14.836 [main] DEBUG - Save part 'xl/worksheets/sheet3.xml'
21:36:14.874 [main] DEBUG - Parsing relationship: /xl/_rels/workbook.xml.rels
21:36:14.874 [main] DEBUG - Parsing relationship: /xl/worksheets/_rels/sheet2.xml.rels
21:36:14.874 [main] DEBUG - Parsing relationship: /_rels/.rels
21:36:14.890 [main] DEBUG - Save content types part
21:36:14.891 [main] DEBUG - Save package relationships
21:36:14.892 [main] DEBUG - Save part 'docProps/app.xml'
21:36:14.893 [main] DEBUG - Save part 'docProps/core.xml'
21:36:14.894 [main] DEBUG - Save part 'xl/sharedStrings.xml'
21:36:14.894 [main] DEBUG - Save part 'xl/styles.xml'
21:36:14.895 [main] DEBUG - Save part 'xl/theme/theme1.xml'
21:36:14.895 [main] DEBUG - Save part 'xl/workbook.xml'
21:36:14.896 [main] DEBUG - Save part 'xl/worksheets/sheet1.xml'
21:36:14.897 [main] DEBUG - Save part 'xl/worksheets/sheet2.xml'
21:36:14.897 [main] DEBUG - Save part 'xl/worksheets/sheet3.xml'
21:36:14.929 [main] DEBUG - Parsing relationship: /xl/_rels/workbook.xml.rels
21:36:14.929 [main] DEBUG - Parsing relationship: /xl/worksheets/_rels/sheet2.xml.rels
21:36:14.930 [main] DEBUG - Parsing relationship: /_rels/.rels
21:36:14.946 [main] DEBUG - Save content types part
21:36:14.947 [main] DEBUG - Save package relationships
21:36:14.947 [main] DEBUG - Save part 'docProps/app.xml'
21:36:14.948 [main] DEBUG - Save part 'docProps/core.xml'
21:36:14.948 [main] DEBUG - Save part 'xl/sharedStrings.xml'
21:36:14.949 [main] DEBUG - Save part 'xl/styles.xml'
21:36:14.949 [main] DEBUG - Save part 'xl/theme/theme1.xml'
21:36:14.949 [main] DEBUG - Save part 'xl/workbook.xml'
21:36:14.950 [main] DEBUG - Save part 'xl/worksheets/sheet1.xml'
21:36:14.951 [main] DEBUG - Save part 'xl/worksheets/sheet2.xml'
21:36:14.952 [main] DEBUG - Save part 'xl/worksheets/sheet3.xml'
21:36:15.025 [main] DEBUG - Parsing relationship: /xl/_rels/workbook.xml.rels
21:36:15.025 [main] DEBUG - Parsing relationship: /xl/worksheets/_rels/sheet2.xml.rels
21:36:15.026 [main] DEBUG - Parsing relationship: /_rels/.rels
21:36:15.039 [main] DEBUG - Save content types part
21:36:15.040 [main] DEBUG - Save package relationships
21:36:15.041 [main] DEBUG - Save part 'docProps/app.xml'
21:36:15.041 [main] DEBUG - Save part 'docProps/core.xml'
21:36:15.042 [main] DEBUG - Save part 'xl/sharedStrings.xml'
21:36:15.042 [main] DEBUG - Save part 'xl/styles.xml'
21:36:15.042 [main] DEBUG - Save part 'xl/theme/theme1.xml'
21:36:15.043 [main] DEBUG - Save part 'xl/workbook.xml'
21:36:15.044 [main] DEBUG - Save part 'xl/worksheets/sheet1.xml'
21:36:15.044 [main] DEBUG - Save part 'xl/worksheets/sheet2.xml'
21:36:15.045 [main] DEBUG - Save part 'xl/worksheets/sheet3.xml'
21:36:15.079 [main] DEBUG - Parsing relationship: /xl/_rels/workbook.xml.rels
21:36:15.080 [main] DEBUG - Parsing relationship: /xl/worksheets/_rels/sheet2.xml.rels
21:36:15.080 [main] DEBUG - Parsing relationship: /_rels/.rels
21:36:15.093 [main] DEBUG - Save content types part
21:36:15.094 [main] DEBUG - Save package relationships
21:36:15.095 [main] DEBUG - Save part 'docProps/app.xml'
21:36:15.095 [main] DEBUG - Save part 'docProps/core.xml'
21:36:15.096 [main] DEBUG - Save part 'xl/sharedStrings.xml'
21:36:15.096 [main] DEBUG - Save part 'xl/styles.xml'
21:36:15.096 [main] DEBUG - Save part 'xl/theme/theme1.xml'
21:36:15.097 [main] DEBUG - Save part 'xl/workbook.xml'
21:36:15.097 [main] DEBUG - Save part 'xl/worksheets/sheet1.xml'
21:36:15.098 [main] DEBUG - Save part 'xl/worksheets/sheet2.xml'
21:36:15.098 [main] DEBUG - Save part 'xl/worksheets/sheet3.xml'
21:36:15.124 [main] DEBUG - Parsing relationship: /xl/_rels/workbook.xml.rels
21:36:15.124 [main] DEBUG - Parsing relationship: /xl/worksheets/_rels/sheet2.xml.rels
21:36:15.124 [main] DEBUG - Parsing relationship: /_rels/.rels
21:36:15.136 [main] DEBUG - Save content types part
21:36:15.137 [main] DEBUG - Save package relationships
21:36:15.138 [main] DEBUG - Save part 'docProps/app.xml'
21:36:15.138 [main] DEBUG - Save part 'docProps/core.xml'
21:36:15.139 [main] DEBUG - Save part 'xl/sharedStrings.xml'
21:36:15.139 [main] DEBUG - Save part 'xl/styles.xml'
21:36:15.139 [main] DEBUG - Save part 'xl/theme/theme1.xml'
21:36:15.139 [main] DEBUG - Save part 'xl/workbook.xml'
21:36:15.140 [main] DEBUG - Save part 'xl/worksheets/sheet1.xml'
21:36:15.140 [main] DEBUG - Save part 'xl/worksheets/sheet2.xml'
21:36:15.141 [main] DEBUG - Save part 'xl/worksheets/sheet3.xml'
21:36:15.208 [main] DEBUG - Parsing relationship: /xl/_rels/workbook.xml.rels
21:36:15.208 [main] DEBUG - Parsing relationship: /xl/worksheets/_rels/sheet2.xml.rels
21:36:15.209 [main] DEBUG - Parsing relationship: /_rels/.rels
21:36:15.222 [main] DEBUG - Save content types part
21:36:15.223 [main] DEBUG - Save package relationships
21:36:15.223 [main] DEBUG - Save part 'docProps/app.xml'
21:36:15.224 [main] DEBUG - Save part 'docProps/core.xml'
21:36:15.224 [main] DEBUG - Save part 'xl/sharedStrings.xml'
21:36:15.225 [main] DEBUG - Save part 'xl/styles.xml'
21:36:15.225 [main] DEBUG - Save part 'xl/theme/theme1.xml'
21:36:15.225 [main] DEBUG - Save part 'xl/workbook.xml'
21:36:15.226 [main] DEBUG - Save part 'xl/worksheets/sheet1.xml'
21:36:15.226 [main] DEBUG - Save part 'xl/worksheets/sheet2.xml'
21:36:15.227 [main] DEBUG - Save part 'xl/worksheets/sheet3.xml'
21:36:15.260 [main] DEBUG - Parsing relationship: /xl/_rels/workbook.xml.rels
21:36:15.260 [main] DEBUG - Parsing relationship: /xl/worksheets/_rels/sheet2.xml.rels
21:36:15.260 [main] DEBUG - Parsing relationship: /_rels/.rels
21:36:15.277 [main] DEBUG - Save content types part
21:36:15.279 [main] DEBUG - Save package relationships
21:36:15.279 [main] DEBUG - Save part 'docProps/app.xml'
21:36:15.279 [main] DEBUG - Save part 'docProps/core.xml'
21:36:15.280 [main] DEBUG - Save part 'xl/sharedStrings.xml'
21:36:15.280 [main] DEBUG - Save part 'xl/styles.xml'
21:36:15.280 [main] DEBUG - Save part 'xl/theme/theme1.xml'
21:36:15.280 [main] DEBUG - Save part 'xl/workbook.xml'
21:36:15.282 [main] DEBUG - Save part 'xl/worksheets/sheet1.xml'
21:36:15.282 [main] DEBUG - Save part 'xl/worksheets/sheet2.xml'
21:36:15.283 [main] DEBUG - Save part 'xl/worksheets/sheet3.xml'
21:36:15.317 [main] DEBUG - Parsing relationship: /xl/_rels/workbook.xml.rels
21:36:15.318 [main] DEBUG - Parsing relationship: /xl/worksheets/_rels/sheet2.xml.rels
21:36:15.318 [main] DEBUG - Parsing relationship: /_rels/.rels
21:36:15.336 [main] DEBUG - Save content types part
21:36:15.337 [main] DEBUG - Save package relationships
21:36:15.338 [main] DEBUG - Save part 'docProps/app.xml'
21:36:15.338 [main] DEBUG - Save part 'docProps/core.xml'
21:36:15.339 [main] DEBUG - Save part 'xl/sharedStrings.xml'
21:36:15.339 [main] DEBUG - Save part 'xl/styles.xml'
21:36:15.339 [main] DEBUG - Save part 'xl/theme/theme1.xml'
21:36:15.339 [main] DEBUG - Save part 'xl/workbook.xml'
21:36:15.340 [main] DEBUG - Save part 'xl/worksheets/sheet1.xml'
21:36:15.341 [main] DEBUG - Save part 'xl/worksheets/sheet2.xml'
21:36:15.341 [main] DEBUG - Save part 'xl/worksheets/sheet3.xml'
21:36:15.442 [main] DEBUG - Parsing relationship: /xl/_rels/workbook.xml.rels
21:36:15.443 [main] DEBUG - Parsing relationship: /xl/worksheets/_rels/sheet2.xml.rels
21:36:15.443 [main] DEBUG - Parsing relationship: /_rels/.rels
21:36:15.469 [main] DEBUG - Save content types part
21:36:15.471 [main] DEBUG - Save package relationships
21:36:15.472 [main] DEBUG - Save part 'docProps/app.xml'
21:36:15.472 [main] DEBUG - Save part 'docProps/core.xml'
21:36:15.474 [main] DEBUG - Save part 'xl/sharedStrings.xml'
21:36:15.474 [main] DEBUG - Save part 'xl/styles.xml'
21:36:15.475 [main] DEBUG - Save part 'xl/theme/theme1.xml'
21:36:15.475 [main] DEBUG - Save part 'xl/workbook.xml'
21:36:15.476 [main] DEBUG - Save part 'xl/worksheets/sheet1.xml'
21:36:15.477 [main] DEBUG - Save part 'xl/worksheets/sheet2.xml'
21:36:15.479 [main] DEBUG - Save part 'xl/worksheets/sheet3.xml'
21:36:15.527 [main] DEBUG - Parsing relationship: /xl/_rels/workbook.xml.rels
21:36:15.528 [main] DEBUG - Parsing relationship: /xl/worksheets/_rels/sheet2.xml.rels
21:36:15.528 [main] DEBUG - Parsing relationship: /_rels/.rels
21:36:15.557 [main] DEBUG - Save content types part
21:36:15.558 [main] DEBUG - Save package relationships
21:36:15.559 [main] DEBUG - Save part 'docProps/app.xml'
21:36:15.560 [main] DEBUG - Save part 'docProps/core.xml'
21:36:15.562 [main] DEBUG - Save part 'xl/sharedStrings.xml'
21:36:15.562 [main] DEBUG - Save part 'xl/styles.xml'
21:36:15.563 [main] DEBUG - Save part 'xl/theme/theme1.xml'
21:36:15.563 [main] DEBUG - Save part 'xl/workbook.xml'
21:36:15.565 [main] DEBUG - Save part 'xl/worksheets/sheet1.xml'
21:36:15.565 [main] DEBUG - Save part 'xl/worksheets/sheet2.xml'
21:36:15.566 [main] DEBUG - Save part 'xl/worksheets/sheet3.xml'
21:36:15.611 [main] DEBUG - Parsing relationship: /xl/_rels/workbook.xml.rels
21:36:15.611 [main] DEBUG - Parsing relationship: /xl/worksheets/_rels/sheet2.xml.rels
21:36:15.612 [main] DEBUG - Parsing relationship: /_rels/.rels
21:36:15.639 [main] DEBUG - Save content types part
21:36:15.640 [main] DEBUG - Save package relationships
21:36:15.641 [main] DEBUG - Save part 'docProps/app.xml'
21:36:15.641 [main] DEBUG - Save part 'docProps/core.xml'
21:36:15.642 [main] DEBUG - Save part 'xl/sharedStrings.xml'
21:36:15.642 [main] DEBUG - Save part 'xl/styles.xml'
21:36:15.643 [main] DEBUG - Save part 'xl/theme/theme1.xml'
21:36:15.643 [main] DEBUG - Save part 'xl/workbook.xml'
21:36:15.644 [main] DEBUG - Save part 'xl/worksheets/sheet1.xml'
21:36:15.644 [main] DEBUG - Save part 'xl/worksheets/sheet2.xml'
21:36:15.645 [main] DEBUG - Save part 'xl/worksheets/sheet3.xml'
21:36:15.727 [main] DEBUG - Parsing relationship: /xl/_rels/workbook.xml.rels
21:36:15.727 [main] DEBUG - Parsing relationship: /xl/worksheets/_rels/sheet2.xml.rels
21:36:15.727 [main] DEBUG - Parsing relationship: /_rels/.rels
21:36:15.743 [main] DEBUG - Save content types part
21:36:15.744 [main] DEBUG - Save package relationships
21:36:15.745 [main] DEBUG - Save part 'docProps/app.xml'
21:36:15.745 [main] DEBUG - Save part 'docProps/core.xml'
21:36:15.746 [main] DEBUG - Save part 'xl/sharedStrings.xml'
21:36:15.746 [main] DEBUG - Save part 'xl/styles.xml'
21:36:15.747 [main] DEBUG - Save part 'xl/theme/theme1.xml'
21:36:15.747 [main] DEBUG - Save part 'xl/workbook.xml'
21:36:15.748 [main] DEBUG - Save part 'xl/worksheets/sheet1.xml'
21:36:15.748 [main] DEBUG - Save part 'xl/worksheets/sheet2.xml'
21:36:15.749 [main] DEBUG - Save part 'xl/worksheets/sheet3.xml'
21:36:15.780 [main] DEBUG - Parsing relationship: /xl/_rels/workbook.xml.rels
21:36:15.781 [main] DEBUG - Parsing relationship: /xl/worksheets/_rels/sheet2.xml.rels
21:36:15.781 [main] DEBUG - Parsing relationship: /_rels/.rels
21:36:15.797 [main] DEBUG - Save content types part
21:36:15.798 [main] DEBUG - Save package relationships
21:36:15.799 [main] DEBUG - Save part 'docProps/app.xml'
21:36:15.799 [main] DEBUG - Save part 'docProps/core.xml'
21:36:15.800 [main] DEBUG - Save part 'xl/sharedStrings.xml'
21:36:15.800 [main] DEBUG - Save part 'xl/styles.xml'
21:36:15.801 [main] DEBUG - Save part 'xl/theme/theme1.xml'
21:36:15.801 [main] DEBUG - Save part 'xl/workbook.xml'
21:36:15.802 [main] DEBUG - Save part 'xl/worksheets/sheet1.xml'
21:36:15.802 [main] DEBUG - Save part 'xl/worksheets/sheet2.xml'
21:36:15.803 [main] DEBUG - Save part 'xl/worksheets/sheet3.xml'
21:36:15.839 [main] DEBUG - Parsing relationship: /xl/_rels/workbook.xml.rels
21:36:15.840 [main] DEBUG - Parsing relationship: /xl/worksheets/_rels/sheet2.xml.rels
21:36:15.840 [main] DEBUG - Parsing relationship: /_rels/.rels
21:36:15.861 [main] DEBUG - Save content types part
21:36:15.863 [main] DEBUG - Save package relationships
21:36:15.864 [main] DEBUG - Save part 'docProps/app.xml'
21:36:15.864 [main] DEBUG - Save part 'docProps/core.xml'
21:36:15.865 [main] DEBUG - Save part 'xl/sharedStrings.xml'
21:36:15.865 [main] DEBUG - Save part 'xl/styles.xml'
21:36:15.866 [main] DEBUG - Save part 'xl/theme/theme1.xml'
21:36:15.866 [main] DEBUG - Save part 'xl/workbook.xml'
21:36:15.867 [main] DEBUG - Save part 'xl/worksheets/sheet1.xml'
21:36:15.868 [main] DEBUG - Save part 'xl/worksheets/sheet2.xml'
21:36:15.869 [main] DEBUG - Save part 'xl/worksheets/sheet3.xml'
21:36:15.975 [main] DEBUG - Parsing relationship: /xl/_rels/workbook.xml.rels
21:36:15.976 [main] DEBUG - Parsing relationship: /xl/worksheets/_rels/sheet2.xml.rels
21:36:15.976 [main] DEBUG - Parsing relationship: /_rels/.rels
21:36:15.994 [main] DEBUG - Save content types part
21:36:15.995 [main] DEBUG - Save package relationships
21:36:15.996 [main] DEBUG - Save part 'docProps/app.xml'
21:36:15.996 [main] DEBUG - Save part 'docProps/core.xml'
21:36:15.997 [main] DEBUG - Save part 'xl/sharedStrings.xml'
21:36:15.998 [main] DEBUG - Save part 'xl/styles.xml'
21:36:15.998 [main] DEBUG - Save part 'xl/theme/theme1.xml'
21:36:15.998 [main] DEBUG - Save part 'xl/workbook.xml'
21:36:15.999 [main] DEBUG - Save part 'xl/worksheets/sheet1.xml'
21:36:16.000 [main] DEBUG - Save part 'xl/worksheets/sheet2.xml'
21:36:16.001 [main] DEBUG - Save part 'xl/worksheets/sheet3.xml'
21:36:16.041 [main] DEBUG - Parsing relationship: /xl/_rels/workbook.xml.rels
21:36:16.041 [main] DEBUG - Parsing relationship: /xl/worksheets/_rels/sheet2.xml.rels
21:36:16.042 [main] DEBUG - Parsing relationship: /_rels/.rels
21:36:16.058 [main] DEBUG - Save content types part
21:36:16.059 [main] DEBUG - Save package relationships
21:36:16.060 [main] DEBUG - Save part 'docProps/app.xml'
21:36:16.060 [main] DEBUG - Save part 'docProps/core.xml'
21:36:16.061 [main] DEBUG - Save part 'xl/sharedStrings.xml'
21:36:16.061 [main] DEBUG - Save part 'xl/styles.xml'
21:36:16.062 [main] DEBUG - Save part 'xl/theme/theme1.xml'
21:36:16.062 [main] DEBUG - Save part 'xl/workbook.xml'
21:36:16.063 [main] DEBUG - Save part 'xl/worksheets/sheet1.xml'
21:36:16.064 [main] DEBUG - Save part 'xl/worksheets/sheet2.xml'
21:36:16.065 [main] DEBUG - Save part 'xl/worksheets/sheet3.xml'
21:36:16.109 [main] DEBUG - Parsing relationship: /xl/_rels/workbook.xml.rels
21:36:16.109 [main] DEBUG - Parsing relationship: /xl/worksheets/_rels/sheet2.xml.rels
21:36:16.110 [main] DEBUG - Parsing relationship: /_rels/.rels
21:36:16.131 [main] DEBUG - Save content types part
21:36:16.133 [main] DEBUG - Save package relationships
21:36:16.134 [main] DEBUG - Save part 'docProps/app.xml'
21:36:16.134 [main] DEBUG - Save part 'docProps/core.xml'
21:36:16.135 [main] DEBUG - Save part 'xl/sharedStrings.xml'
21:36:16.136 [main] DEBUG - Save part 'xl/styles.xml'
21:36:16.136 [main] DEBUG - Save part 'xl/theme/theme1.xml'
21:36:16.136 [main] DEBUG - Save part 'xl/workbook.xml'
21:36:16.138 [main] DEBUG - Save part 'xl/worksheets/sheet1.xml'
21:36:16.138 [main] DEBUG - Save part 'xl/worksheets/sheet2.xml'
21:36:16.139 [main] DEBUG - Save part 'xl/worksheets/sheet3.xml'
21:36:16.219 [main] DEBUG - Parsing relationship: /xl/_rels/workbook.xml.rels
21:36:16.220 [main] DEBUG - Parsing relationship: /xl/worksheets/_rels/sheet2.xml.rels
21:36:16.220 [main] DEBUG - Parsing relationship: /_rels/.rels
21:36:16.234 [main] DEBUG - Save content types part
21:36:16.235 [main] DEBUG - Save package relationships
21:36:16.236 [main] DEBUG - Save part 'docProps/app.xml'
21:36:16.236 [main] DEBUG - Save part 'docProps/core.xml'
21:36:16.237 [main] DEBUG - Save part 'xl/sharedStrings.xml'
21:36:16.237 [main] DEBUG - Save part 'xl/styles.xml'
21:36:16.238 [main] DEBUG - Save part 'xl/theme/theme1.xml'
21:36:16.238 [main] DEBUG - Save part 'xl/workbook.xml'
21:36:16.239 [main] DEBUG - Save part 'xl/worksheets/sheet1.xml'
21:36:16.239 [main] DEBUG - Save part 'xl/worksheets/sheet2.xml'
21:36:16.240 [main] DEBUG - Save part 'xl/worksheets/sheet3.xml'
21:36:16.271 [main] DEBUG - Parsing relationship: /xl/_rels/workbook.xml.rels
21:36:16.272 [main] DEBUG - Parsing relationship: /xl/worksheets/_rels/sheet2.xml.rels
21:36:16.272 [main] DEBUG - Parsing relationship: /_rels/.rels
21:36:16.291 [main] DEBUG - Save content types part
21:36:16.292 [main] DEBUG - Save package relationships
21:36:16.293 [main] DEBUG - Save part 'docProps/app.xml'
21:36:16.293 [main] DEBUG - Save part 'docProps/core.xml'
21:36:16.294 [main] DEBUG - Save part 'xl/sharedStrings.xml'
21:36:16.294 [main] DEBUG - Save part 'xl/styles.xml'
21:36:16.295 [main] DEBUG - Save part 'xl/theme/theme1.xml'
21:36:16.295 [main] DEBUG - Save part 'xl/workbook.xml'
21:36:16.297 [main] DEBUG - Save part 'xl/worksheets/sheet1.xml'
21:36:16.297 [main] DEBUG - Save part 'xl/worksheets/sheet2.xml'
21:36:16.299 [main] DEBUG - Save part 'xl/worksheets/sheet3.xml'
21:36:16.332 [main] DEBUG - Parsing relationship: /xl/_rels/workbook.xml.rels
21:36:16.333 [main] DEBUG - Parsing relationship: /xl/worksheets/_rels/sheet2.xml.rels
21:36:16.333 [main] DEBUG - Parsing relationship: /_rels/.rels
21:36:16.348 [main] DEBUG - Save content types part
21:36:16.349 [main] DEBUG - Save package relationships
21:36:16.350 [main] DEBUG - Save part 'docProps/app.xml'
21:36:16.350 [main] DEBUG - Save part 'docProps/core.xml'
21:36:16.351 [main] DEBUG - Save part 'xl/sharedStrings.xml'
21:36:16.351 [main] DEBUG - Save part 'xl/styles.xml'
21:36:16.351 [main] DEBUG - Save part 'xl/theme/theme1.xml'
21:36:16.352 [main] DEBUG - Save part 'xl/workbook.xml'
21:36:16.352 [main] DEBUG - Save part 'xl/worksheets/sheet1.xml'
21:36:16.353 [main] DEBUG - Save part 'xl/worksheets/sheet2.xml'
21:36:16.353 [main] DEBUG - Save part 'xl/worksheets/sheet3.xml'
21:36:16.427 [main] DEBUG - Parsing relationship: /xl/_rels/workbook.xml.rels
21:36:16.428 [main] DEBUG - Parsing relationship: /xl/worksheets/_rels/sheet2.xml.rels
21:36:16.428 [main] DEBUG - Parsing relationship: /_rels/.rels
21:36:16.441 [main] DEBUG - Save content types part
21:36:16.442 [main] DEBUG - Save package relationships
21:36:16.443 [main] DEBUG - Save part 'docProps/app.xml'
21:36:16.443 [main] DEBUG - Save part 'docProps/core.xml'
21:36:16.443 [main] DEBUG - Save part 'xl/sharedStrings.xml'
21:36:16.444 [main] DEBUG - Save part 'xl/styles.xml'
21:36:16.444 [main] DEBUG - Save part 'xl/theme/theme1.xml'
21:36:16.444 [main] DEBUG - Save part 'xl/workbook.xml'
21:36:16.445 [main] DEBUG - Save part 'xl/worksheets/sheet1.xml'
21:36:16.445 [main] DEBUG - Save part 'xl/worksheets/sheet2.xml'
21:36:16.446 [main] DEBUG - Save part 'xl/worksheets/sheet3.xml'
21:36:16.479 [main] DEBUG - Parsing relationship: /xl/_rels/workbook.xml.rels
21:36:16.480 [main] DEBUG - Parsing relationship: /xl/worksheets/_rels/sheet2.xml.rels
21:36:16.480 [main] DEBUG - Parsing relationship: /_rels/.rels
21:36:16.493 [main] DEBUG - Save content types part
21:36:16.493 [main] DEBUG - Save package relationships
21:36:16.495 [main] DEBUG - Save part 'docProps/app.xml'
21:36:16.495 [main] DEBUG - Save part 'docProps/core.xml'
21:36:16.495 [main] DEBUG - Save part 'xl/sharedStrings.xml'
21:36:16.495 [main] DEBUG - Save part 'xl/styles.xml'
21:36:16.495 [main] DEBUG - Save part 'xl/theme/theme1.xml'
21:36:16.495 [main] DEBUG - Save part 'xl/workbook.xml'
21:36:16.497 [main] DEBUG - Save part 'xl/worksheets/sheet1.xml'
21:36:16.497 [main] DEBUG - Save part 'xl/worksheets/sheet2.xml'
21:36:16.497 [main] DEBUG - Save part 'xl/worksheets/sheet3.xml'
21:36:16.530 [main] DEBUG - Parsing relationship: /xl/_rels/workbook.xml.rels
21:36:16.530 [main] DEBUG - Parsing relationship: /xl/worksheets/_rels/sheet2.xml.rels
21:36:16.530 [main] DEBUG - Parsing relationship: /_rels/.rels
21:36:16.545 [main] DEBUG - Save content types part
21:36:16.545 [main] DEBUG - Save package relationships
21:36:16.546 [main] DEBUG - Save part 'docProps/app.xml'
21:36:16.546 [main] DEBUG - Save part 'docProps/core.xml'
21:36:16.547 [main] DEBUG - Save part 'xl/sharedStrings.xml'
21:36:16.547 [main] DEBUG - Save part 'xl/styles.xml'
21:36:16.548 [main] DEBUG - Save part 'xl/theme/theme1.xml'
21:36:16.548 [main] DEBUG - Save part 'xl/workbook.xml'
21:36:16.548 [main] DEBUG - Save part 'xl/worksheets/sheet1.xml'
21:36:16.550 [main] DEBUG - Save part 'xl/worksheets/sheet2.xml'
21:36:16.551 [main] DEBUG - Save part 'xl/worksheets/sheet3.xml'
21:36:16.616 [main] DEBUG - Parsing relationship: /xl/_rels/workbook.xml.rels
21:36:16.617 [main] DEBUG - Parsing relationship: /xl/worksheets/_rels/sheet2.xml.rels
21:36:16.617 [main] DEBUG - Parsing relationship: /_rels/.rels
21:36:16.633 [main] DEBUG - Save content types part
21:36:16.634 [main] DEBUG - Save package relationships
21:36:16.634 [main] DEBUG - Save part 'docProps/app.xml'
21:36:16.634 [main] DEBUG - Save part 'docProps/core.xml'
21:36:16.635 [main] DEBUG - Save part 'xl/sharedStrings.xml'
21:36:16.635 [main] DEBUG - Save part 'xl/styles.xml'
21:36:16.635 [main] DEBUG - Save part 'xl/theme/theme1.xml'
21:36:16.635 [main] DEBUG - Save part 'xl/workbook.xml'
21:36:16.636 [main] DEBUG - Save part 'xl/worksheets/sheet1.xml'
21:36:16.637 [main] DEBUG - Save part 'xl/worksheets/sheet2.xml'
21:36:16.637 [main] DEBUG - Save part 'xl/worksheets/sheet3.xml'
21:36:16.671 [main] DEBUG - Parsing relationship: /xl/_rels/workbook.xml.rels
21:36:16.671 [main] DEBUG - Parsing relationship: /xl/worksheets/_rels/sheet2.xml.rels
21:36:16.672 [main] DEBUG - Parsing relationship: /_rels/.rels
21:36:16.685 [main] DEBUG - Save content types part
21:36:16.685 [main] DEBUG - Save package relationships
21:36:16.686 [main] DEBUG - Save part 'docProps/app.xml'
21:36:16.686 [main] DEBUG - Save part 'docProps/core.xml'
21:36:16.687 [main] DEBUG - Save part 'xl/sharedStrings.xml'
21:36:16.687 [main] DEBUG - Save part 'xl/styles.xml'
21:36:16.688 [main] DEBUG - Save part 'xl/theme/theme1.xml'
21:36:16.688 [main] DEBUG - Save part 'xl/workbook.xml'
21:36:16.689 [main] DEBUG - Save part 'xl/worksheets/sheet1.xml'
21:36:16.689 [main] DEBUG - Save part 'xl/worksheets/sheet2.xml'
21:36:16.690 [main] DEBUG - Save part 'xl/worksheets/sheet3.xml'
21:36:16.717 [main] DEBUG - Parsing relationship: /xl/_rels/workbook.xml.rels
21:36:16.718 [main] DEBUG - Parsing relationship: /xl/worksheets/_rels/sheet2.xml.rels
21:36:16.718 [main] DEBUG - Parsing relationship: /_rels/.rels
21:36:16.730 [main] DEBUG - Save content types part
21:36:16.731 [main] DEBUG - Save package relationships
21:36:16.731 [main] DEBUG - Save part 'docProps/app.xml'
21:36:16.731 [main] DEBUG - Save part 'docProps/core.xml'
21:36:16.732 [main] DEBUG - Save part 'xl/sharedStrings.xml'
21:36:16.732 [main] DEBUG - Save part 'xl/styles.xml'
21:36:16.733 [main] DEBUG - Save part 'xl/theme/theme1.xml'
21:36:16.733 [main] DEBUG - Save part 'xl/workbook.xml'
21:36:16.733 [main] DEBUG - Save part 'xl/worksheets/sheet1.xml'
21:36:16.734 [main] DEBUG - Save part 'xl/worksheets/sheet2.xml'
21:36:16.734 [main] DEBUG - Save part 'xl/worksheets/sheet3.xml'
21:36:16.799 [main] DEBUG - Parsing relationship: /xl/_rels/workbook.xml.rels
21:36:16.800 [main] DEBUG - Parsing relationship: /xl/worksheets/_rels/sheet2.xml.rels
21:36:16.800 [main] DEBUG - Parsing relationship: /_rels/.rels
21:36:16.812 [main] DEBUG - Save content types part
21:36:16.813 [main] DEBUG - Save package relationships
21:36:16.814 [main] DEBUG - Save part 'docProps/app.xml'
21:36:16.814 [main] DEBUG - Save part 'docProps/core.xml'
21:36:16.815 [main] DEBUG - Save part 'xl/sharedStrings.xml'
21:36:16.815 [main] DEBUG - Save part 'xl/styles.xml'
21:36:16.815 [main] DEBUG - Save part 'xl/theme/theme1.xml'
21:36:16.815 [main] DEBUG - Save part 'xl/workbook.xml'
21:36:16.816 [main] DEBUG - Save part 'xl/worksheets/sheet1.xml'
21:36:16.816 [main] DEBUG - Save part 'xl/worksheets/sheet2.xml'
21:36:16.816 [main] DEBUG - Save part 'xl/worksheets/sheet3.xml'
21:36:16.847 [main] DEBUG - Parsing relationship: /xl/_rels/workbook.xml.rels
21:36:16.847 [main] DEBUG - Parsing relationship: /xl/worksheets/_rels/sheet2.xml.rels
21:36:16.848 [main] DEBUG - Parsing relationship: /_rels/.rels
21:36:16.859 [main] DEBUG - Save content types part
21:36:16.860 [main] DEBUG - Save package relationships
21:36:16.860 [main] DEBUG - Save part 'docProps/app.xml'
21:36:16.860 [main] DEBUG - Save part 'docProps/core.xml'
21:36:16.861 [main] DEBUG - Save part 'xl/sharedStrings.xml'
21:36:16.862 [main] DEBUG - Save part 'xl/styles.xml'
21:36:16.862 [main] DEBUG - Save part 'xl/theme/theme1.xml'
21:36:16.862 [main] DEBUG - Save part 'xl/workbook.xml'
21:36:16.863 [main] DEBUG - Save part 'xl/worksheets/sheet1.xml'
21:36:16.863 [main] DEBUG - Save part 'xl/worksheets/sheet2.xml'
21:36:16.864 [main] DEBUG - Save part 'xl/worksheets/sheet3.xml'
21:36:16.893 [main] DEBUG - Parsing relationship: /xl/_rels/workbook.xml.rels
21:36:16.894 [main] DEBUG - Parsing relationship: /xl/worksheets/_rels/sheet2.xml.rels
21:36:16.894 [main] DEBUG - Parsing relationship: /_rels/.rels
21:36:16.905 [main] DEBUG - Save content types part
21:36:16.906 [main] DEBUG - Save package relationships
21:36:16.907 [main] DEBUG - Save part 'docProps/app.xml'
21:36:16.907 [main] DEBUG - Save part 'docProps/core.xml'
21:36:16.908 [main] DEBUG - Save part 'xl/sharedStrings.xml'
21:36:16.908 [main] DEBUG - Save part 'xl/styles.xml'
21:36:16.908 [main] DEBUG - Save part 'xl/theme/theme1.xml'
21:36:16.908 [main] DEBUG - Save part 'xl/workbook.xml'
21:36:16.909 [main] DEBUG - Save part 'xl/worksheets/sheet1.xml'
21:36:16.909 [main] DEBUG - Save part 'xl/worksheets/sheet2.xml'
21:36:16.910 [main] DEBUG - Save part 'xl/worksheets/sheet3.xml'
21:36:16.968 [main] DEBUG - Parsing relationship: /xl/_rels/workbook.xml.rels
21:36:16.968 [main] DEBUG - Parsing relationship: /xl/worksheets/_rels/sheet2.xml.rels
21:36:16.968 [main] DEBUG - Parsing relationship: /_rels/.rels
21:36:16.979 [main] DEBUG - Save content types part
21:36:16.980 [main] DEBUG - Save package relationships
21:36:16.981 [main] DEBUG - Save part 'docProps/app.xml'
21:36:16.981 [main] DEBUG - Save part 'docProps/core.xml'
21:36:16.982 [main] DEBUG - Save part 'xl/sharedStrings.xml'
21:36:16.982 [main] DEBUG - Save part 'xl/styles.xml'
21:36:16.982 [main] DEBUG - Save part 'xl/theme/theme1.xml'
21:36:16.982 [main] DEBUG - Save part 'xl/workbook.xml'
21:36:16.983 [main] DEBUG - Save part 'xl/worksheets/sheet1.xml'
21:36:16.983 [main] DEBUG - Save part 'xl/worksheets/sheet2.xml'
21:36:16.984 [main] DEBUG - Save part 'xl/worksheets/sheet3.xml'
21:36:17.010 [main] DEBUG - Parsing relationship: /xl/_rels/workbook.xml.rels
21:36:17.010 [main] DEBUG - Parsing relationship: /xl/worksheets/_rels/sheet2.xml.rels
21:36:17.011 [main] DEBUG - Parsing relationship: /_rels/.rels
21:36:17.023 [main] DEBUG - Save content types part
21:36:17.024 [main] DEBUG - Save package relationships
21:36:17.025 [main] DEBUG - Save part 'docProps/app.xml'
21:36:17.025 [main] DEBUG - Save part 'docProps/core.xml'
21:36:17.026 [main] DEBUG - Save part 'xl/sharedStrings.xml'
21:36:17.026 [main] DEBUG - Save part 'xl/styles.xml'
21:36:17.026 [main] DEBUG - Save part 'xl/theme/theme1.xml'
21:36:17.026 [main] DEBUG - Save part 'xl/workbook.xml'
21:36:17.027 [main] DEBUG - Save part 'xl/worksheets/sheet1.xml'
21:36:17.027 [main] DEBUG - Save part 'xl/worksheets/sheet2.xml'
21:36:17.028 [main] DEBUG - Save part 'xl/worksheets/sheet3.xml'
21:36:17.054 [main] DEBUG - Parsing relationship: /xl/_rels/workbook.xml.rels
21:36:17.054 [main] DEBUG - Parsing relationship: /xl/worksheets/_rels/sheet2.xml.rels
21:36:17.055 [main] DEBUG - Parsing relationship: /_rels/.rels
21:36:17.067 [main] DEBUG - Save content types part
21:36:17.068 [main] DEBUG - Save package relationships
21:36:17.069 [main] DEBUG - Save part 'docProps/app.xml'
21:36:17.069 [main] DEBUG - Save part 'docProps/core.xml'
21:36:17.070 [main] DEBUG - Save part 'xl/sharedStrings.xml'
21:36:17.070 [main] DEBUG - Save part 'xl/styles.xml'
21:36:17.070 [main] DEBUG - Save part 'xl/theme/theme1.xml'
21:36:17.071 [main] DEBUG - Save part 'xl/workbook.xml'
21:36:17.071 [main] DEBUG - Save part 'xl/worksheets/sheet1.xml'
21:36:17.072 [main] DEBUG - Save part 'xl/worksheets/sheet2.xml'
21:36:17.072 [main] DEBUG - Save part 'xl/worksheets/sheet3.xml'
21:36:17.142 [main] DEBUG - Parsing relationship: /xl/_rels/workbook.xml.rels
21:36:17.143 [main] DEBUG - Parsing relationship: /xl/worksheets/_rels/sheet2.xml.rels
21:36:17.143 [main] DEBUG - Parsing relationship: /_rels/.rels
21:36:17.156 [main] DEBUG - Save content types part
21:36:17.157 [main] DEBUG - Save package relationships
21:36:17.158 [main] DEBUG - Save part 'docProps/app.xml'
21:36:17.158 [main] DEBUG - Save part 'docProps/core.xml'
21:36:17.159 [main] DEBUG - Save part 'xl/sharedStrings.xml'
21:36:17.159 [main] DEBUG - Save part 'xl/styles.xml'
21:36:17.159 [main] DEBUG - Save part 'xl/theme/theme1.xml'
21:36:17.160 [main] DEBUG - Save part 'xl/workbook.xml'
21:36:17.160 [main] DEBUG - Save part 'xl/worksheets/sheet1.xml'
21:36:17.161 [main] DEBUG - Save part 'xl/worksheets/sheet2.xml'
21:36:17.161 [main] DEBUG - Save part 'xl/worksheets/sheet3.xml'
21:36:17.188 [main] DEBUG - Parsing relationship: /xl/_rels/workbook.xml.rels
21:36:17.189 [main] DEBUG - Parsing relationship: /xl/worksheets/_rels/sheet2.xml.rels
21:36:17.189 [main] DEBUG - Parsing relationship: /_rels/.rels
21:36:17.203 [main] DEBUG - Save content types part
21:36:17.204 [main] DEBUG - Save package relationships
21:36:17.204 [main] DEBUG - Save part 'docProps/app.xml'
21:36:17.204 [main] DEBUG - Save part 'docProps/core.xml'
21:36:17.205 [main] DEBUG - Save part 'xl/sharedStrings.xml'
21:36:17.206 [main] DEBUG - Save part 'xl/styles.xml'
21:36:17.206 [main] DEBUG - Save part 'xl/theme/theme1.xml'
21:36:17.206 [main] DEBUG - Save part 'xl/workbook.xml'
21:36:17.207 [main] DEBUG - Save part 'xl/worksheets/sheet1.xml'
21:36:17.207 [main] DEBUG - Save part 'xl/worksheets/sheet2.xml'
21:36:17.208 [main] DEBUG - Save part 'xl/worksheets/sheet3.xml'
21:36:17.241 [main] DEBUG - Parsing relationship: /xl/_rels/workbook.xml.rels
21:36:17.241 [main] DEBUG - Parsing relationship: /xl/worksheets/_rels/sheet2.xml.rels
21:36:17.241 [main] DEBUG - Parsing relationship: /_rels/.rels
21:36:17.257 [main] DEBUG - Save content types part
21:36:17.258 [main] DEBUG - Save package relationships
21:36:17.259 [main] DEBUG - Save part 'docProps/app.xml'
21:36:17.259 [main] DEBUG - Save part 'docProps/core.xml'
21:36:17.260 [main] DEBUG - Save part 'xl/sharedStrings.xml'
21:36:17.260 [main] DEBUG - Save part 'xl/styles.xml'
21:36:17.260 [main] DEBUG - Save part 'xl/theme/theme1.xml'
21:36:17.261 [main] DEBUG - Save part 'xl/workbook.xml'
21:36:17.261 [main] DEBUG - Save part 'xl/worksheets/sheet1.xml'
21:36:17.262 [main] DEBUG - Save part 'xl/worksheets/sheet2.xml'
21:36:17.262 [main] DEBUG - Save part 'xl/worksheets/sheet3.xml'
21:36:17.328 [main] DEBUG - Parsing relationship: /xl/_rels/workbook.xml.rels
21:36:17.328 [main] DEBUG - Parsing relationship: /xl/worksheets/_rels/sheet2.xml.rels
21:36:17.328 [main] DEBUG - Parsing relationship: /_rels/.rels
21:36:17.340 [main] DEBUG - Save content types part
21:36:17.340 [main] DEBUG - Save package relationships
21:36:17.341 [main] DEBUG - Save part 'docProps/app.xml'
21:36:17.341 [main] DEBUG - Save part 'docProps/core.xml'
21:36:17.341 [main] DEBUG - Save part 'xl/sharedStrings.xml'
21:36:17.342 [main] DEBUG - Save part 'xl/styles.xml'
21:36:17.342 [main] DEBUG - Save part 'xl/theme/theme1.xml'
21:36:17.342 [main] DEBUG - Save part 'xl/workbook.xml'
21:36:17.344 [main] DEBUG - Save part 'xl/worksheets/sheet1.xml'
21:36:17.344 [main] DEBUG - Save part 'xl/worksheets/sheet2.xml'
21:36:17.344 [main] DEBUG - Save part 'xl/worksheets/sheet3.xml'
21:36:17.371 [main] DEBUG - Parsing relationship: /xl/_rels/workbook.xml.rels
21:36:17.371 [main] DEBUG - Parsing relationship: /xl/worksheets/_rels/sheet2.xml.rels
21:36:17.372 [main] DEBUG - Parsing relationship: /_rels/.rels
21:36:17.387 [main] DEBUG - Save content types part
21:36:17.388 [main] DEBUG - Save package relationships
21:36:17.389 [main] DEBUG - Save part 'docProps/app.xml'
21:36:17.389 [main] DEBUG - Save part 'docProps/core.xml'
21:36:17.389 [main] DEBUG - Save part 'xl/sharedStrings.xml'
21:36:17.390 [main] DEBUG - Save part 'xl/styles.xml'
21:36:17.390 [main] DEBUG - Save part 'xl/theme/theme1.xml'
21:36:17.390 [main] DEBUG - Save part 'xl/workbook.xml'
21:36:17.391 [main] DEBUG - Save part 'xl/worksheets/sheet1.xml'
21:36:17.391 [main] DEBUG - Save part 'xl/worksheets/sheet2.xml'
21:36:17.392 [main] DEBUG - Save part 'xl/worksheets/sheet3.xml'
21:36:17.415 [main] DEBUG - Parsing relationship: /xl/_rels/workbook.xml.rels
21:36:17.416 [main] DEBUG - Parsing relationship: /xl/worksheets/_rels/sheet2.xml.rels
21:36:17.416 [main] DEBUG - Parsing relationship: /_rels/.rels
21:36:17.428 [main] DEBUG - Save content types part
21:36:17.428 [main] DEBUG - Save package relationships
21:36:17.429 [main] DEBUG - Save part 'docProps/app.xml'
21:36:17.429 [main] DEBUG - Save part 'docProps/core.xml'
21:36:17.429 [main] DEBUG - Save part 'xl/sharedStrings.xml'
21:36:17.430 [main] DEBUG - Save part 'xl/styles.xml'
21:36:17.430 [main] DEBUG - Save part 'xl/theme/theme1.xml'
21:36:17.430 [main] DEBUG - Save part 'xl/workbook.xml'
21:36:17.431 [main] DEBUG - Save part 'xl/worksheets/sheet1.xml'
21:36:17.431 [main] DEBUG - Save part 'xl/worksheets/sheet2.xml'
21:36:17.431 [main] DEBUG - Save part 'xl/worksheets/sheet3.xml'
21:36:17.499 [main] DEBUG - Parsing relationship: /xl/_rels/workbook.xml.rels
21:36:17.499 [main] DEBUG - Parsing relationship: /xl/worksheets/_rels/sheet2.xml.rels
21:36:17.499 [main] DEBUG - Parsing relationship: /_rels/.rels
21:36:17.513 [main] DEBUG - Save content types part
21:36:17.514 [main] DEBUG - Save package relationships
21:36:17.515 [main] DEBUG - Save part 'docProps/app.xml'
21:36:17.515 [main] DEBUG - Save part 'docProps/core.xml'
21:36:17.516 [main] DEBUG - Save part 'xl/sharedStrings.xml'
21:36:17.516 [main] DEBUG - Save part 'xl/styles.xml'
21:36:17.516 [main] DEBUG - Save part 'xl/theme/theme1.xml'
21:36:17.516 [main] DEBUG - Save part 'xl/workbook.xml'
21:36:17.517 [main] DEBUG - Save part 'xl/worksheets/sheet1.xml'
21:36:17.517 [main] DEBUG - Save part 'xl/worksheets/sheet2.xml'
21:36:17.518 [main] DEBUG - Save part 'xl/worksheets/sheet3.xml'
21:36:17.547 [main] DEBUG - Parsing relationship: /xl/_rels/workbook.xml.rels
21:36:17.547 [main] DEBUG - Parsing relationship: /xl/worksheets/_rels/sheet2.xml.rels
21:36:17.547 [main] DEBUG - Parsing relationship: /_rels/.rels
21:36:17.558 [main] DEBUG - Save content types part
21:36:17.559 [main] DEBUG - Save package relationships
21:36:17.559 [main] DEBUG - Save part 'docProps/app.xml'
21:36:17.560 [main] DEBUG - Save part 'docProps/core.xml'
21:36:17.560 [main] DEBUG - Save part 'xl/sharedStrings.xml'
21:36:17.561 [main] DEBUG - Save part 'xl/styles.xml'
21:36:17.561 [main] DEBUG - Save part 'xl/theme/theme1.xml'
21:36:17.561 [main] DEBUG - Save part 'xl/workbook.xml'
21:36:17.561 [main] DEBUG - Save part 'xl/worksheets/sheet1.xml'
21:36:17.562 [main] DEBUG - Save part 'xl/worksheets/sheet2.xml'
21:36:17.562 [main] DEBUG - Save part 'xl/worksheets/sheet3.xml'
21:36:17.587 [main] DEBUG - Parsing relationship: /xl/_rels/workbook.xml.rels
21:36:17.587 [main] DEBUG - Parsing relationship: /xl/worksheets/_rels/sheet2.xml.rels
21:36:17.587 [main] DEBUG - Parsing relationship: /_rels/.rels
21:36:17.599 [main] DEBUG - Save content types part
21:36:17.600 [main] DEBUG - Save package relationships
21:36:17.600 [main] DEBUG - Save part 'docProps/app.xml'
21:36:17.600 [main] DEBUG - Save part 'docProps/core.xml'
21:36:17.601 [main] DEBUG - Save part 'xl/sharedStrings.xml'
21:36:17.601 [main] DEBUG - Save part 'xl/styles.xml'
21:36:17.602 [main] DEBUG - Save part 'xl/theme/theme1.xml'
21:36:17.602 [main] DEBUG - Save part 'xl/workbook.xml'
21:36:17.602 [main] DEBUG - Save part 'xl/worksheets/sheet1.xml'
21:36:17.603 [main] DEBUG - Save part 'xl/worksheets/sheet2.xml'
21:36:17.603 [main] DEBUG - Save part 'xl/worksheets/sheet3.xml'
21:36:17.664 [main] DEBUG - Parsing relationship: /xl/_rels/workbook.xml.rels
21:36:17.664 [main] DEBUG - Parsing relationship: /xl/worksheets/_rels/sheet2.xml.rels
21:36:17.664 [main] DEBUG - Parsing relationship: /_rels/.rels
21:36:17.675 [main] DEBUG - Save content types part
21:36:17.676 [main] DEBUG - Save package relationships
21:36:17.677 [main] DEBUG - Save part 'docProps/app.xml'
21:36:17.677 [main] DEBUG - Save part 'docProps/core.xml'
21:36:17.678 [main] DEBUG - Save part 'xl/sharedStrings.xml'
21:36:17.678 [main] DEBUG - Save part 'xl/styles.xml'
21:36:17.678 [main] DEBUG - Save part 'xl/theme/theme1.xml'
21:36:17.678 [main] DEBUG - Save part 'xl/workbook.xml'
21:36:17.678 [main] DEBUG - Save part 'xl/worksheets/sheet1.xml'
21:36:17.680 [main] DEBUG - Save part 'xl/worksheets/sheet2.xml'
21:36:17.680 [main] DEBUG - Save part 'xl/worksheets/sheet3.xml'
21:36:17.706 [main] DEBUG - Parsing relationship: /xl/_rels/workbook.xml.rels
21:36:17.707 [main] DEBUG - Parsing relationship: /xl/worksheets/_rels/sheet2.xml.rels
21:36:17.707 [main] DEBUG - Parsing relationship: /_rels/.rels
21:36:17.719 [main] DEBUG - Save content types part
21:36:17.720 [main] DEBUG - Save package relationships
21:36:17.720 [main] DEBUG - Save part 'docProps/app.xml'
21:36:17.720 [main] DEBUG - Save part 'docProps/core.xml'
21:36:17.721 [main] DEBUG - Save part 'xl/sharedStrings.xml'
21:36:17.721 [main] DEBUG - Save part 'xl/styles.xml'
21:36:17.721 [main] DEBUG - Save part 'xl/theme/theme1.xml'
21:36:17.722 [main] DEBUG - Save part 'xl/workbook.xml'
21:36:17.722 [main] DEBUG - Save part 'xl/worksheets/sheet1.xml'
21:36:17.723 [main] DEBUG - Save part 'xl/worksheets/sheet2.xml'
21:36:17.724 [main] DEBUG - Save part 'xl/worksheets/sheet3.xml'
21:36:17.752 [main] DEBUG - Parsing relationship: /xl/_rels/workbook.xml.rels
21:36:17.753 [main] DEBUG - Parsing relationship: /xl/worksheets/_rels/sheet2.xml.rels
21:36:17.753 [main] DEBUG - Parsing relationship: /_rels/.rels
21:36:17.764 [main] DEBUG - Save content types part
21:36:17.765 [main] DEBUG - Save package relationships
21:36:17.766 [main] DEBUG - Save part 'docProps/app.xml'
21:36:17.766 [main] DEBUG - Save part 'docProps/core.xml'
21:36:17.766 [main] DEBUG - Save part 'xl/sharedStrings.xml'
21:36:17.767 [main] DEBUG - Save part 'xl/styles.xml'
21:36:17.767 [main] DEBUG - Save part 'xl/theme/theme1.xml'
21:36:17.767 [main] DEBUG - Save part 'xl/workbook.xml'
21:36:17.768 [main] DEBUG - Save part 'xl/worksheets/sheet1.xml'
21:36:17.768 [main] DEBUG - Save part 'xl/worksheets/sheet2.xml'
21:36:17.768 [main] DEBUG - Save part 'xl/worksheets/sheet3.xml'
21:36:17.825 [main] DEBUG - Parsing relationship: /xl/_rels/workbook.xml.rels
21:36:17.826 [main] DEBUG - Parsing relationship: /xl/worksheets/_rels/sheet2.xml.rels
21:36:17.826 [main] DEBUG - Parsing relationship: /_rels/.rels
21:36:17.837 [main] DEBUG - Save content types part
21:36:17.837 [main] DEBUG - Save package relationships
21:36:17.838 [main] DEBUG - Save part 'docProps/app.xml'
21:36:17.838 [main] DEBUG - Save part 'docProps/core.xml'
21:36:17.839 [main] DEBUG - Save part 'xl/sharedStrings.xml'
21:36:17.839 [main] DEBUG - Save part 'xl/styles.xml'
21:36:17.839 [main] DEBUG - Save part 'xl/theme/theme1.xml'
21:36:17.839 [main] DEBUG - Save part 'xl/workbook.xml'
21:36:17.840 [main] DEBUG - Save part 'xl/worksheets/sheet1.xml'
21:36:17.840 [main] DEBUG - Save part 'xl/worksheets/sheet2.xml'
21:36:17.841 [main] DEBUG - Save part 'xl/worksheets/sheet3.xml'
21:36:17.868 [main] DEBUG - Parsing relationship: /xl/_rels/workbook.xml.rels
21:36:17.869 [main] DEBUG - Parsing relationship: /xl/worksheets/_rels/sheet2.xml.rels
21:36:17.869 [main] DEBUG - Parsing relationship: /_rels/.rels
21:36:17.883 [main] DEBUG - Save content types part
21:36:17.884 [main] DEBUG - Save package relationships
21:36:17.884 [main] DEBUG - Save part 'docProps/app.xml'
21:36:17.884 [main] DEBUG - Save part 'docProps/core.xml'
21:36:17.885 [main] DEBUG - Save part 'xl/sharedStrings.xml'
21:36:17.885 [main] DEBUG - Save part 'xl/styles.xml'
21:36:17.885 [main] DEBUG - Save part 'xl/theme/theme1.xml'
21:36:17.885 [main] DEBUG - Save part 'xl/workbook.xml'
21:36:17.886 [main] DEBUG - Save part 'xl/worksheets/sheet1.xml'
21:36:17.886 [main] DEBUG - Save part 'xl/worksheets/sheet2.xml'
21:36:17.887 [main] DEBUG - Save part 'xl/worksheets/sheet3.xml'
21:36:17.914 [main] DEBUG - Parsing relationship: /xl/_rels/workbook.xml.rels
21:36:17.916 [main] DEBUG - Parsing relationship: /xl/worksheets/_rels/sheet2.xml.rels
21:36:17.916 [main] DEBUG - Parsing relationship: /_rels/.rels
21:36:17.932 [main] DEBUG - Save content types part
21:36:17.933 [main] DEBUG - Save package relationships
21:36:17.933 [main] DEBUG - Save part 'docProps/app.xml'
21:36:17.933 [main] DEBUG - Save part 'docProps/core.xml'
21:36:17.934 [main] DEBUG - Save part 'xl/sharedStrings.xml'
21:36:17.934 [main] DEBUG - Save part 'xl/styles.xml'
21:36:17.935 [main] DEBUG - Save part 'xl/theme/theme1.xml'
21:36:17.935 [main] DEBUG - Save part 'xl/workbook.xml'
21:36:17.935 [main] DEBUG - Save part 'xl/worksheets/sheet1.xml'
21:36:17.936 [main] DEBUG - Save part 'xl/worksheets/sheet2.xml'
21:36:17.936 [main] DEBUG - Save part 'xl/worksheets/sheet3.xml'
21:36:18.002 [main] DEBUG - Parsing relationship: /xl/_rels/workbook.xml.rels
21:36:18.002 [main] DEBUG - Parsing relationship: /xl/worksheets/_rels/sheet2.xml.rels
21:36:18.002 [main] DEBUG - Parsing relationship: /_rels/.rels
21:36:18.014 [main] DEBUG - Save content types part
21:36:18.015 [main] DEBUG - Save package relationships
21:36:18.015 [main] DEBUG - Save part 'docProps/app.xml'
21:36:18.015 [main] DEBUG - Save part 'docProps/core.xml'
21:36:18.016 [main] DEBUG - Save part 'xl/sharedStrings.xml'
21:36:18.016 [main] DEBUG - Save part 'xl/styles.xml'
21:36:18.016 [main] DEBUG - Save part 'xl/theme/theme1.xml'
21:36:18.017 [main] DEBUG - Save part 'xl/workbook.xml'
21:36:18.017 [main] DEBUG - Save part 'xl/worksheets/sheet1.xml'
21:36:18.018 [main] DEBUG - Save part 'xl/worksheets/sheet2.xml'
21:36:18.018 [main] DEBUG - Save part 'xl/worksheets/sheet3.xml'
21:36:18.043 [main] DEBUG - Parsing relationship: /xl/_rels/workbook.xml.rels
21:36:18.044 [main] DEBUG - Parsing relationship: /xl/worksheets/_rels/sheet2.xml.rels
21:36:18.044 [main] DEBUG - Parsing relationship: /_rels/.rels
21:36:18.055 [main] DEBUG - Save content types part
21:36:18.055 [main] DEBUG - Save package relationships
21:36:18.056 [main] DEBUG - Save part 'docProps/app.xml'
21:36:18.056 [main] DEBUG - Save part 'docProps/core.xml'
21:36:18.057 [main] DEBUG - Save part 'xl/sharedStrings.xml'
21:36:18.057 [main] DEBUG - Save part 'xl/styles.xml'
21:36:18.057 [main] DEBUG - Save part 'xl/theme/theme1.xml'
21:36:18.057 [main] DEBUG - Save part 'xl/workbook.xml'
21:36:18.058 [main] DEBUG - Save part 'xl/worksheets/sheet1.xml'
21:36:18.058 [main] DEBUG - Save part 'xl/worksheets/sheet2.xml'
21:36:18.058 [main] DEBUG - Save part 'xl/worksheets/sheet3.xml'
21:36:18.084 [main] DEBUG - Parsing relationship: /xl/_rels/workbook.xml.rels
21:36:18.084 [main] DEBUG - Parsing relationship: /xl/worksheets/_rels/sheet2.xml.rels
21:36:18.084 [main] DEBUG - Parsing relationship: /_rels/.rels
21:36:18.095 [main] DEBUG - Save content types part
