09:28:32.994 [main] DEBUG - Save part 'xl/theme/theme1.xml'
09:28:33.008 [main] DEBUG - Save part 'xl/workbook.xml'
09:28:33.011 [main] DEBUG - Save part 'xl/worksheets/sheet1.xml'
09:28:33.012 [main] DEBUG - Save part 'xl/worksheets/sheet2.xml'
09:28:33.015 [main] DEBUG - Save part 'xl/worksheets/sheet3.xml'
09:28:33.066 [main] DEBUG - Parsing relationship: /xl/_rels/workbook.xml.rels
09:28:33.067 [main] DEBUG - Parsing relationship: /xl/worksheets/_rels/sheet2.xml.rels
09:28:33.067 [main] DEBUG - Parsing relationship: /_rels/.rels
09:28:33.100 [main] DEBUG - Save content types part
09:28:33.102 [main] DEBUG - Save package relationships
09:28:33.104 [main] DEBUG - Save part 'docProps/app.xml'
09:28:33.104 [main] DEBUG - Save part 'docProps/core.xml'
09:28:33.106 [main] DEBUG - Save part 'xl/sharedStrings.xml'
09:28:33.107 [main] DEBUG - Save part 'xl/styles.xml'
09:28:33.108 [main] DEBUG - Save part 'xl/theme/theme1.xml'
09:28:33.108 [main] DEBUG - Save part 'xl/workbook.xml'
09:28:33.110 [main] DEBUG - Save part 'xl/worksheets/sheet1.xml'
09:28:33.110 [main] DEBUG - Save part 'xl/worksheets/sheet2.xml'
09:28:33.112 [main] DEBUG - Save part 'xl/worksheets/sheet3.xml'
09:28:33.210 [main] DEBUG - Parsing relationship: /xl/_rels/workbook.xml.rels
09:28:33.211 [main] DEBUG - Parsing relationship: /xl/worksheets/_rels/sheet2.xml.rels
09:28:33.212 [main] DEBUG - Parsing relationship: /_rels/.rels
09:28:33.244 [main] DEBUG - Save content types part
09:28:33.247 [main] DEBUG - Save package relationships
09:28:33.249 [main] DEBUG - Save part 'docProps/app.xml'
09:28:33.249 [main] DEBUG - Save part 'docProps/core.xml'
09:28:33.250 [main] DEBUG - Save part 'xl/sharedStrings.xml'
09:28:33.251 [main] DEBUG - Save part 'xl/styles.xml'
09:28:33.251 [main] DEBUG - Save part 'xl/theme/theme1.xml'
09:28:33.252 [main] DEBUG - Save part 'xl/workbook.xml'
09:28:33.253 [main] DEBUG - Save part 'xl/worksheets/sheet1.xml'
09:28:33.254 [main] DEBUG - Save part 'xl/worksheets/sheet2.xml'
09:28:33.255 [main] DEBUG - Save part 'xl/worksheets/sheet3.xml'
09:28:33.309 [main] DEBUG - Parsing relationship: /xl/_rels/workbook.xml.rels
09:28:33.311 [main] DEBUG - Parsing relationship: /xl/worksheets/_rels/sheet2.xml.rels
09:28:33.312 [main] DEBUG - Parsing relationship: /_rels/.rels
09:28:33.344 [main] DEBUG - Save content types part
09:28:33.346 [main] DEBUG - Save package relationships
09:28:33.348 [main] DEBUG - Save part 'docProps/app.xml'
09:28:33.348 [main] DEBUG - Save part 'docProps/core.xml'
09:28:33.350 [main] DEBUG - Save part 'xl/sharedStrings.xml'
09:28:33.350 [main] DEBUG - Save part 'xl/styles.xml'
09:28:33.350 [main] DEBUG - Save part 'xl/theme/theme1.xml'
09:28:33.351 [main] DEBUG - Save part 'xl/workbook.xml'
09:28:33.353 [main] DEBUG - Save part 'xl/worksheets/sheet1.xml'
09:28:33.354 [main] DEBUG - Save part 'xl/worksheets/sheet2.xml'
09:28:33.356 [main] DEBUG - Save part 'xl/worksheets/sheet3.xml'
09:28:33.399 [main] DEBUG - Parsing relationship: /xl/_rels/workbook.xml.rels
09:28:33.400 [main] DEBUG - Parsing relationship: /xl/worksheets/_rels/sheet2.xml.rels
09:28:33.401 [main] DEBUG - Parsing relationship: /_rels/.rels
09:28:33.433 [main] DEBUG - Save content types part
09:28:33.435 [main] DEBUG - Save package relationships
09:28:33.436 [main] DEBUG - Save part 'docProps/app.xml'
09:28:33.436 [main] DEBUG - Save part 'docProps/core.xml'
09:28:33.438 [main] DEBUG - Save part 'xl/sharedStrings.xml'
09:28:33.439 [main] DEBUG - Save part 'xl/styles.xml'
09:28:33.439 [main] DEBUG - Save part 'xl/theme/theme1.xml'
09:28:33.440 [main] DEBUG - Save part 'xl/workbook.xml'
09:28:33.441 [main] DEBUG - Save part 'xl/worksheets/sheet1.xml'
09:28:33.442 [main] DEBUG - Save part 'xl/worksheets/sheet2.xml'
09:28:33.444 [main] DEBUG - Save part 'xl/worksheets/sheet3.xml'
09:28:33.537 [main] DEBUG - Parsing relationship: /xl/_rels/workbook.xml.rels
09:28:33.538 [main] DEBUG - Parsing relationship: /xl/worksheets/_rels/sheet2.xml.rels
09:28:33.540 [main] DEBUG - Parsing relationship: /_rels/.rels
09:28:33.562 [main] DEBUG - Save content types part
09:28:33.564 [main] DEBUG - Save package relationships
09:28:33.566 [main] DEBUG - Save part 'docProps/app.xml'
09:28:33.567 [main] DEBUG - Save part 'docProps/core.xml'
09:28:33.569 [main] DEBUG - Save part 'xl/sharedStrings.xml'
09:28:33.570 [main] DEBUG - Save part 'xl/styles.xml'
09:28:33.570 [main] DEBUG - Save part 'xl/theme/theme1.xml'
09:28:33.571 [main] DEBUG - Save part 'xl/workbook.xml'
09:28:33.573 [main] DEBUG - Save part 'xl/worksheets/sheet1.xml'
09:28:33.574 [main] DEBUG - Save part 'xl/worksheets/sheet2.xml'
09:28:33.576 [main] DEBUG - Save part 'xl/worksheets/sheet3.xml'
09:28:33.614 [main] DEBUG - Parsing relationship: /xl/_rels/workbook.xml.rels
09:28:33.614 [main] DEBUG - Parsing relationship: /xl/worksheets/_rels/sheet2.xml.rels
09:28:33.615 [main] DEBUG - Parsing relationship: /_rels/.rels
09:28:33.644 [main] DEBUG - Save content types part
09:28:33.646 [main] DEBUG - Save package relationships
09:28:33.647 [main] DEBUG - Save part 'docProps/app.xml'
09:28:33.647 [main] DEBUG - Save part 'docProps/core.xml'
09:28:33.648 [main] DEBUG - Save part 'xl/sharedStrings.xml'
09:28:33.649 [main] DEBUG - Save part 'xl/styles.xml'
09:28:33.649 [main] DEBUG - Save part 'xl/theme/theme1.xml'
09:28:33.650 [main] DEBUG - Save part 'xl/workbook.xml'
09:28:33.651 [main] DEBUG - Save part 'xl/worksheets/sheet1.xml'
09:28:33.652 [main] DEBUG - Save part 'xl/worksheets/sheet2.xml'
09:28:33.658 [main] DEBUG - Save part 'xl/worksheets/sheet3.xml'
09:28:33.706 [main] DEBUG - Parsing relationship: /xl/_rels/workbook.xml.rels
09:28:33.707 [main] DEBUG - Parsing relationship: /xl/worksheets/_rels/sheet2.xml.rels
09:28:33.707 [main] DEBUG - Parsing relationship: /_rels/.rels
09:28:33.733 [main] DEBUG - Save content types part
09:28:33.735 [main] DEBUG - Save package relationships
09:28:33.736 [main] DEBUG - Save part 'docProps/app.xml'
09:28:33.737 [main] DEBUG - Save part 'docProps/core.xml'
09:28:33.738 [main] DEBUG - Save part 'xl/sharedStrings.xml'
09:28:33.738 [main] DEBUG - Save part 'xl/styles.xml'
09:28:33.739 [main] DEBUG - Save part 'xl/theme/theme1.xml'
09:28:33.739 [main] DEBUG - Save part 'xl/workbook.xml'
09:28:33.740 [main] DEBUG - Save part 'xl/worksheets/sheet1.xml'
09:28:33.741 [main] DEBUG - Save part 'xl/worksheets/sheet2.xml'
09:28:33.742 [main] DEBUG - Save part 'xl/worksheets/sheet3.xml'
09:28:33.837 [main] DEBUG - Parsing relationship: /xl/_rels/workbook.xml.rels
09:28:33.838 [main] DEBUG - Parsing relationship: /xl/worksheets/_rels/sheet2.xml.rels
09:28:33.839 [main] DEBUG - Parsing relationship: /_rels/.rels
09:28:33.871 [main] DEBUG - Save content types part
09:28:33.873 [main] DEBUG - Save package relationships
09:28:33.875 [main] DEBUG - Save part 'docProps/app.xml'
09:28:33.875 [main] DEBUG - Save part 'docProps/core.xml'
09:28:33.877 [main] DEBUG - Save part 'xl/sharedStrings.xml'
09:28:33.878 [main] DEBUG - Save part 'xl/styles.xml'
09:28:33.878 [main] DEBUG - Save part 'xl/theme/theme1.xml'
09:28:33.879 [main] DEBUG - Save part 'xl/workbook.xml'
09:28:33.881 [main] DEBUG - Save part 'xl/worksheets/sheet1.xml'
09:28:33.882 [main] DEBUG - Save part 'xl/worksheets/sheet2.xml'
09:28:33.884 [main] DEBUG - Save part 'xl/worksheets/sheet3.xml'
09:28:33.927 [main] DEBUG - Parsing relationship: /xl/_rels/workbook.xml.rels
09:28:33.928 [main] DEBUG - Parsing relationship: /xl/worksheets/_rels/sheet2.xml.rels
09:28:33.929 [main] DEBUG - Parsing relationship: /_rels/.rels
09:28:33.970 [main] DEBUG - Save content types part
09:28:33.972 [main] DEBUG - Save package relationships
09:28:33.973 [main] DEBUG - Save part 'docProps/app.xml'
09:28:33.973 [main] DEBUG - Save part 'docProps/core.xml'
09:28:33.975 [main] DEBUG - Save part 'xl/sharedStrings.xml'
09:28:33.976 [main] DEBUG - Save part 'xl/styles.xml'
09:28:33.976 [main] DEBUG - Save part 'xl/theme/theme1.xml'
09:28:33.977 [main] DEBUG - Save part 'xl/workbook.xml'
09:28:33.979 [main] DEBUG - Save part 'xl/worksheets/sheet1.xml'
09:28:33.980 [main] DEBUG - Save part 'xl/worksheets/sheet2.xml'
09:28:33.982 [main] DEBUG - Save part 'xl/worksheets/sheet3.xml'
09:28:34.028 [main] DEBUG - Parsing relationship: /xl/_rels/workbook.xml.rels
09:28:34.029 [main] DEBUG - Parsing relationship: /xl/worksheets/_rels/sheet2.xml.rels
09:28:34.030 [main] DEBUG - Parsing relationship: /_rels/.rels
09:28:34.060 [main] DEBUG - Save content types part
09:28:34.061 [main] DEBUG - Save package relationships
09:28:34.063 [main] DEBUG - Save part 'docProps/app.xml'
09:28:34.063 [main] DEBUG - Save part 'docProps/core.xml'
09:28:34.065 [main] DEBUG - Save part 'xl/sharedStrings.xml'
09:28:34.066 [main] DEBUG - Save part 'xl/styles.xml'
09:28:34.066 [main] DEBUG - Save part 'xl/theme/theme1.xml'
09:28:34.067 [main] DEBUG - Save part 'xl/workbook.xml'
09:28:34.069 [main] DEBUG - Save part 'xl/worksheets/sheet1.xml'
09:28:34.070 [main] DEBUG - Save part 'xl/worksheets/sheet2.xml'
09:28:34.071 [main] DEBUG - Save part 'xl/worksheets/sheet3.xml'
09:28:34.154 [main] DEBUG - Parsing relationship: /xl/_rels/workbook.xml.rels
09:28:34.155 [main] DEBUG - Parsing relationship: /xl/worksheets/_rels/sheet2.xml.rels
09:28:34.156 [main] DEBUG - Parsing relationship: /_rels/.rels
09:28:34.188 [main] DEBUG - Save content types part
09:28:34.190 [main] DEBUG - Save package relationships
09:28:34.191 [main] DEBUG - Save part 'docProps/app.xml'
09:28:34.192 [main] DEBUG - Save part 'docProps/core.xml'
09:28:34.194 [main] DEBUG - Save part 'xl/sharedStrings.xml'
09:28:34.194 [main] DEBUG - Save part 'xl/styles.xml'
09:28:34.195 [main] DEBUG - Save part 'xl/theme/theme1.xml'
09:28:34.195 [main] DEBUG - Save part 'xl/workbook.xml'
09:28:34.197 [main] DEBUG - Save part 'xl/worksheets/sheet1.xml'
09:28:34.198 [main] DEBUG - Save part 'xl/worksheets/sheet2.xml'
09:28:34.200 [main] DEBUG - Save part 'xl/worksheets/sheet3.xml'
09:28:34.246 [main] DEBUG - Parsing relationship: /xl/_rels/workbook.xml.rels
09:28:34.246 [main] DEBUG - Parsing relationship: /xl/worksheets/_rels/sheet2.xml.rels
09:28:34.248 [main] DEBUG - Parsing relationship: /_rels/.rels
09:28:34.279 [main] DEBUG - Save content types part
09:28:34.281 [main] DEBUG - Save package relationships
09:28:34.283 [main] DEBUG - Save part 'docProps/app.xml'
09:28:34.283 [main] DEBUG - Save part 'docProps/core.xml'
09:28:34.285 [main] DEBUG - Save part 'xl/sharedStrings.xml'
09:28:34.286 [main] DEBUG - Save part 'xl/styles.xml'
09:28:34.286 [main] DEBUG - Save part 'xl/theme/theme1.xml'
09:28:34.287 [main] DEBUG - Save part 'xl/workbook.xml'
09:28:34.288 [main] DEBUG - Save part 'xl/worksheets/sheet1.xml'
09:28:34.290 [main] DEBUG - Save part 'xl/worksheets/sheet2.xml'
09:28:34.292 [main] DEBUG - Save part 'xl/worksheets/sheet3.xml'
09:28:34.332 [main] DEBUG - Parsing relationship: /xl/_rels/workbook.xml.rels
09:28:34.333 [main] DEBUG - Parsing relationship: /xl/worksheets/_rels/sheet2.xml.rels
09:28:34.333 [main] DEBUG - Parsing relationship: /_rels/.rels
09:28:34.361 [main] DEBUG - Save content types part
09:28:34.362 [main] DEBUG - Save package relationships
09:28:34.363 [main] DEBUG - Save part 'docProps/app.xml'
09:28:34.363 [main] DEBUG - Save part 'docProps/core.xml'
09:28:34.366 [main] DEBUG - Save part 'xl/sharedStrings.xml'
09:28:34.367 [main] DEBUG - Save part 'xl/styles.xml'
09:28:34.367 [main] DEBUG - Save part 'xl/theme/theme1.xml'
09:28:34.368 [main] DEBUG - Save part 'xl/workbook.xml'
09:28:34.370 [main] DEBUG - Save part 'xl/worksheets/sheet1.xml'
09:28:34.370 [main] DEBUG - Save part 'xl/worksheets/sheet2.xml'
09:28:34.372 [main] DEBUG - Save part 'xl/worksheets/sheet3.xml'
09:28:34.504 [main] DEBUG - Parsing relationship: /xl/_rels/workbook.xml.rels
09:28:34.505 [main] DEBUG - Parsing relationship: /xl/worksheets/_rels/sheet2.xml.rels
09:28:34.507 [main] DEBUG - Parsing relationship: /_rels/.rels
09:28:34.541 [main] DEBUG - Save content types part
09:28:34.543 [main] DEBUG - Save package relationships
09:28:34.545 [main] DEBUG - Save part 'docProps/app.xml'
09:28:34.546 [main] DEBUG - Save part 'docProps/core.xml'
09:28:34.548 [main] DEBUG - Save part 'xl/sharedStrings.xml'
09:28:34.550 [main] DEBUG - Save part 'xl/styles.xml'
09:28:34.550 [main] DEBUG - Save part 'xl/theme/theme1.xml'
09:28:34.551 [main] DEBUG - Save part 'xl/workbook.xml'
09:28:34.553 [main] DEBUG - Save part 'xl/worksheets/sheet1.xml'
09:28:34.554 [main] DEBUG - Save part 'xl/worksheets/sheet2.xml'
09:28:34.557 [main] DEBUG - Save part 'xl/worksheets/sheet3.xml'
09:28:34.605 [main] DEBUG - Parsing relationship: /xl/_rels/workbook.xml.rels
09:28:34.606 [main] DEBUG - Parsing relationship: /xl/worksheets/_rels/sheet2.xml.rels
09:28:34.607 [main] DEBUG - Parsing relationship: /_rels/.rels
09:28:34.640 [main] DEBUG - Save content types part
09:28:34.642 [main] DEBUG - Save package relationships
09:28:34.644 [main] DEBUG - Save part 'docProps/app.xml'
09:28:34.645 [main] DEBUG - Save part 'docProps/core.xml'
09:28:34.647 [main] DEBUG - Save part 'xl/sharedStrings.xml'
09:28:34.648 [main] DEBUG - Save part 'xl/styles.xml'
09:28:34.648 [main] DEBUG - Save part 'xl/theme/theme1.xml'
09:28:34.649 [main] DEBUG - Save part 'xl/workbook.xml'
09:28:34.652 [main] DEBUG - Save part 'xl/worksheets/sheet1.xml'
09:28:34.655 [main] DEBUG - Save part 'xl/worksheets/sheet2.xml'
09:28:34.658 [main] DEBUG - Save part 'xl/worksheets/sheet3.xml'
09:28:34.707 [main] DEBUG - Parsing relationship: /xl/_rels/workbook.xml.rels
09:28:34.708 [main] DEBUG - Parsing relationship: /xl/worksheets/_rels/sheet2.xml.rels
09:28:34.709 [main] DEBUG - Parsing relationship: /_rels/.rels
09:28:34.742 [main] DEBUG - Save content types part
09:28:34.744 [main] DEBUG - Save package relationships
09:28:34.745 [main] DEBUG - Save part 'docProps/app.xml'
09:28:34.745 [main] DEBUG - Save part 'docProps/core.xml'
09:28:34.747 [main] DEBUG - Save part 'xl/sharedStrings.xml'
09:28:34.748 [main] DEBUG - Save part 'xl/styles.xml'
09:28:34.749 [main] DEBUG - Save part 'xl/theme/theme1.xml'
09:28:34.749 [main] DEBUG - Save part 'xl/workbook.xml'
09:28:34.751 [main] DEBUG - Save part 'xl/worksheets/sheet1.xml'
09:28:34.752 [main] DEBUG - Save part 'xl/worksheets/sheet2.xml'
09:28:34.753 [main] DEBUG - Save part 'xl/worksheets/sheet3.xml'
09:28:34.878 [main] DEBUG - Parsing relationship: /xl/_rels/workbook.xml.rels
09:28:34.879 [main] DEBUG - Parsing relationship: /xl/worksheets/_rels/sheet2.xml.rels
09:28:34.879 [main] DEBUG - Parsing relationship: /_rels/.rels
09:28:34.907 [main] DEBUG - Save content types part
09:28:34.908 [main] DEBUG - Save package relationships
09:28:34.909 [main] DEBUG - Save part 'docProps/app.xml'
09:28:34.909 [main] DEBUG - Save part 'docProps/core.xml'
09:28:34.910 [main] DEBUG - Save part 'xl/sharedStrings.xml'
09:28:34.910 [main] DEBUG - Save part 'xl/styles.xml'
09:28:34.911 [main] DEBUG - Save part 'xl/theme/theme1.xml'
09:28:34.911 [main] DEBUG - Save part 'xl/workbook.xml'
09:28:34.912 [main] DEBUG - Save part 'xl/worksheets/sheet1.xml'
09:28:34.912 [main] DEBUG - Save part 'xl/worksheets/sheet2.xml'
09:28:34.914 [main] DEBUG - Save part 'xl/worksheets/sheet3.xml'
09:28:34.962 [main] DEBUG - Parsing relationship: /xl/_rels/workbook.xml.rels
09:28:34.963 [main] DEBUG - Parsing relationship: /xl/worksheets/_rels/sheet2.xml.rels
09:28:34.964 [main] DEBUG - Parsing relationship: /_rels/.rels
09:28:34.986 [main] DEBUG - Save content types part
09:28:34.988 [main] DEBUG - Save package relationships
09:28:34.989 [main] DEBUG - Save part 'docProps/app.xml'
09:28:34.989 [main] DEBUG - Save part 'docProps/core.xml'
09:28:34.990 [main] DEBUG - Save part 'xl/sharedStrings.xml'
09:28:34.990 [main] DEBUG - Save part 'xl/styles.xml'
09:28:34.990 [main] DEBUG - Save part 'xl/theme/theme1.xml'
09:28:34.991 [main] DEBUG - Save part 'xl/workbook.xml'
09:28:34.992 [main] DEBUG - Save part 'xl/worksheets/sheet1.xml'
09:28:34.993 [main] DEBUG - Save part 'xl/worksheets/sheet2.xml'
09:28:34.995 [main] DEBUG - Save part 'xl/worksheets/sheet3.xml'
09:28:35.038 [main] DEBUG - Parsing relationship: /xl/_rels/workbook.xml.rels
09:28:35.038 [main] DEBUG - Parsing relationship: /xl/worksheets/_rels/sheet2.xml.rels
09:28:35.039 [main] DEBUG - Parsing relationship: /_rels/.rels
09:28:35.057 [main] DEBUG - Save content types part
09:28:35.060 [main] DEBUG - Save package relationships
09:28:35.061 [main] DEBUG - Save part 'docProps/app.xml'
09:28:35.062 [main] DEBUG - Save part 'docProps/core.xml'
09:28:35.064 [main] DEBUG - Save part 'xl/sharedStrings.xml'
09:28:35.065 [main] DEBUG - Save part 'xl/styles.xml'
09:28:35.066 [main] DEBUG - Save part 'xl/theme/theme1.xml'
09:28:35.067 [main] DEBUG - Save part 'xl/workbook.xml'
09:28:35.069 [main] DEBUG - Save part 'xl/worksheets/sheet1.xml'
09:28:35.070 [main] DEBUG - Save part 'xl/worksheets/sheet2.xml'
09:28:35.071 [main] DEBUG - Save part 'xl/worksheets/sheet3.xml'
09:28:35.175 [main] DEBUG - Parsing relationship: /xl/_rels/workbook.xml.rels
09:28:35.176 [main] DEBUG - Parsing relationship: /xl/worksheets/_rels/sheet2.xml.rels
09:28:35.177 [main] DEBUG - Parsing relationship: /_rels/.rels
09:28:35.211 [main] DEBUG - Save content types part
09:28:35.212 [main] DEBUG - Save package relationships
09:28:35.213 [main] DEBUG - Save part 'docProps/app.xml'
09:28:35.214 [main] DEBUG - Save part 'docProps/core.xml'
09:28:35.215 [main] DEBUG - Save part 'xl/sharedStrings.xml'
09:28:35.215 [main] DEBUG - Save part 'xl/styles.xml'
09:28:35.215 [main] DEBUG - Save part 'xl/theme/theme1.xml'
09:28:35.216 [main] DEBUG - Save part 'xl/workbook.xml'
09:28:35.217 [main] DEBUG - Save part 'xl/worksheets/sheet1.xml'
09:28:35.217 [main] DEBUG - Save part 'xl/worksheets/sheet2.xml'
09:28:35.219 [main] DEBUG - Save part 'xl/worksheets/sheet3.xml'
09:28:35.261 [main] DEBUG - Parsing relationship: /xl/_rels/workbook.xml.rels
09:28:35.262 [main] DEBUG - Parsing relationship: /xl/worksheets/_rels/sheet2.xml.rels
09:28:35.262 [main] DEBUG - Parsing relationship: /_rels/.rels
09:28:35.286 [main] DEBUG - Save content types part
09:28:35.288 [main] DEBUG - Save package relationships
09:28:35.289 [main] DEBUG - Save part 'docProps/app.xml'
09:28:35.289 [main] DEBUG - Save part 'docProps/core.xml'
09:28:35.291 [main] DEBUG - Save part 'xl/sharedStrings.xml'
09:28:35.291 [main] DEBUG - Save part 'xl/styles.xml'
09:28:35.291 [main] DEBUG - Save part 'xl/theme/theme1.xml'
09:28:35.292 [main] DEBUG - Save part 'xl/workbook.xml'
09:28:35.293 [main] DEBUG - Save part 'xl/worksheets/sheet1.xml'
09:28:35.294 [main] DEBUG - Save part 'xl/worksheets/sheet2.xml'
09:28:35.295 [main] DEBUG - Save part 'xl/worksheets/sheet3.xml'
09:28:35.344 [main] DEBUG - Parsing relationship: /xl/_rels/workbook.xml.rels
09:28:35.345 [main] DEBUG - Parsing relationship: /xl/worksheets/_rels/sheet2.xml.rels
09:28:35.346 [main] DEBUG - Parsing relationship: /_rels/.rels
09:28:35.384 [main] DEBUG - Save content types part
09:28:35.385 [main] DEBUG - Save package relationships
09:28:35.386 [main] DEBUG - Save part 'docProps/app.xml'
09:28:35.386 [main] DEBUG - Save part 'docProps/core.xml'
09:28:35.388 [main] DEBUG - Save part 'xl/sharedStrings.xml'
09:28:35.388 [main] DEBUG - Save part 'xl/styles.xml'
09:28:35.388 [main] DEBUG - Save part 'xl/theme/theme1.xml'
09:28:35.389 [main] DEBUG - Save part 'xl/workbook.xml'
09:28:35.390 [main] DEBUG - Save part 'xl/worksheets/sheet1.xml'
09:28:35.390 [main] DEBUG - Save part 'xl/worksheets/sheet2.xml'
09:28:35.391 [main] DEBUG - Save part 'xl/worksheets/sheet3.xml'
09:28:35.478 [main] DEBUG - Parsing relationship: /xl/_rels/workbook.xml.rels
09:28:35.480 [main] DEBUG - Parsing relationship: /xl/worksheets/_rels/sheet2.xml.rels
09:28:35.481 [main] DEBUG - Parsing relationship: /_rels/.rels
09:28:35.507 [main] DEBUG - Save content types part
09:28:35.509 [main] DEBUG - Save package relationships
09:28:35.511 [main] DEBUG - Save part 'docProps/app.xml'
09:28:35.512 [main] DEBUG - Save part 'docProps/core.xml'
09:28:35.514 [main] DEBUG - Save part 'xl/sharedStrings.xml'
09:28:35.516 [main] DEBUG - Save part 'xl/styles.xml'
09:28:35.516 [main] DEBUG - Save part 'xl/theme/theme1.xml'
09:28:35.517 [main] DEBUG - Save part 'xl/workbook.xml'
09:28:35.520 [main] DEBUG - Save part 'xl/worksheets/sheet1.xml'
09:28:35.521 [main] DEBUG - Save part 'xl/worksheets/sheet2.xml'
09:28:35.524 [main] DEBUG - Save part 'xl/worksheets/sheet3.xml'
09:28:35.574 [main] DEBUG - Parsing relationship: /xl/_rels/workbook.xml.rels
09:28:35.574 [main] DEBUG - Parsing relationship: /xl/worksheets/_rels/sheet2.xml.rels
09:28:35.575 [main] DEBUG - Parsing relationship: /_rels/.rels
09:28:35.609 [main] DEBUG - Save content types part
09:28:35.612 [main] DEBUG - Save package relationships
09:28:35.614 [main] DEBUG - Save part 'docProps/app.xml'
09:28:35.614 [main] DEBUG - Save part 'docProps/core.xml'
09:28:35.617 [main] DEBUG - Save part 'xl/sharedStrings.xml'
09:28:35.618 [main] DEBUG - Save part 'xl/styles.xml'
09:28:35.618 [main] DEBUG - Save part 'xl/theme/theme1.xml'
09:28:35.618 [main] DEBUG - Save part 'xl/workbook.xml'
09:28:35.620 [main] DEBUG - Save part 'xl/worksheets/sheet1.xml'
09:28:35.620 [main] DEBUG - Save part 'xl/worksheets/sheet2.xml'
09:28:35.621 [main] DEBUG - Save part 'xl/worksheets/sheet3.xml'
09:28:35.655 [main] DEBUG - Parsing relationship: /xl/_rels/workbook.xml.rels
09:28:35.656 [main] DEBUG - Parsing relationship: /xl/worksheets/_rels/sheet2.xml.rels
09:28:35.656 [main] DEBUG - Parsing relationship: /_rels/.rels
09:28:35.685 [main] DEBUG - Save content types part
09:28:35.686 [main] DEBUG - Save package relationships
09:28:35.688 [main] DEBUG - Save part 'docProps/app.xml'
09:28:35.688 [main] DEBUG - Save part 'docProps/core.xml'
09:28:35.691 [main] DEBUG - Save part 'xl/sharedStrings.xml'
09:28:35.692 [main] DEBUG - Save part 'xl/styles.xml'
09:28:35.692 [main] DEBUG - Save part 'xl/theme/theme1.xml'
09:28:35.693 [main] DEBUG - Save part 'xl/workbook.xml'
09:28:35.694 [main] DEBUG - Save part 'xl/worksheets/sheet1.xml'
09:28:35.695 [main] DEBUG - Save part 'xl/worksheets/sheet2.xml'
09:28:35.696 [main] DEBUG - Save part 'xl/worksheets/sheet3.xml'
09:28:35.790 [main] DEBUG - Parsing relationship: /xl/_rels/workbook.xml.rels
09:28:35.791 [main] DEBUG - Parsing relationship: /xl/worksheets/_rels/sheet2.xml.rels
09:28:35.791 [main] DEBUG - Parsing relationship: /_rels/.rels
09:28:35.815 [main] DEBUG - Save content types part
09:28:35.817 [main] DEBUG - Save package relationships
09:28:35.818 [main] DEBUG - Save part 'docProps/app.xml'
09:28:35.818 [main] DEBUG - Save part 'docProps/core.xml'
09:28:35.819 [main] DEBUG - Save part 'xl/sharedStrings.xml'
09:28:35.820 [main] DEBUG - Save part 'xl/styles.xml'
09:28:35.820 [main] DEBUG - Save part 'xl/theme/theme1.xml'
09:28:35.821 [main] DEBUG - Save part 'xl/workbook.xml'
09:28:35.824 [main] DEBUG - Save part 'xl/worksheets/sheet1.xml'
09:28:35.825 [main] DEBUG - Save part 'xl/worksheets/sheet2.xml'
09:28:35.828 [main] DEBUG - Save part 'xl/worksheets/sheet3.xml'
09:28:35.864 [main] DEBUG - Parsing relationship: /xl/_rels/workbook.xml.rels
09:28:35.865 [main] DEBUG - Parsing relationship: /xl/worksheets/_rels/sheet2.xml.rels
09:28:35.865 [main] DEBUG - Parsing relationship: /_rels/.rels
09:28:35.880 [main] DEBUG - Save content types part
09:28:35.881 [main] DEBUG - Save package relationships
09:28:35.884 [main] DEBUG - Save part 'docProps/app.xml'
09:28:35.884 [main] DEBUG - Save part 'docProps/core.xml'
09:28:35.886 [main] DEBUG - Save part 'xl/sharedStrings.xml'
09:28:35.887 [main] DEBUG - Save part 'xl/styles.xml'
09:28:35.887 [main] DEBUG - Save part 'xl/theme/theme1.xml'
09:28:35.888 [main] DEBUG - Save part 'xl/workbook.xml'
09:28:35.889 [main] DEBUG - Save part 'xl/worksheets/sheet1.xml'
09:28:35.889 [main] DEBUG - Save part 'xl/worksheets/sheet2.xml'
09:28:35.891 [main] DEBUG - Save part 'xl/worksheets/sheet3.xml'
09:28:35.929 [main] DEBUG - Parsing relationship: /xl/_rels/workbook.xml.rels
09:28:35.930 [main] DEBUG - Parsing relationship: /xl/worksheets/_rels/sheet2.xml.rels
09:28:35.930 [main] DEBUG - Parsing relationship: /_rels/.rels
09:28:35.959 [main] DEBUG - Save content types part
09:28:35.961 [main] DEBUG - Save package relationships
09:28:35.962 [main] DEBUG - Save part 'docProps/app.xml'
09:28:35.962 [main] DEBUG - Save part 'docProps/core.xml'
09:28:35.963 [main] DEBUG - Save part 'xl/sharedStrings.xml'
09:28:35.964 [main] DEBUG - Save part 'xl/styles.xml'
09:28:35.964 [main] DEBUG - Save part 'xl/theme/theme1.xml'
09:28:35.965 [main] DEBUG - Save part 'xl/workbook.xml'
09:28:35.966 [main] DEBUG - Save part 'xl/worksheets/sheet1.xml'
09:28:35.966 [main] DEBUG - Save part 'xl/worksheets/sheet2.xml'
09:28:35.967 [main] DEBUG - Save part 'xl/worksheets/sheet3.xml'
09:28:36.052 [main] DEBUG - Parsing relationship: /xl/_rels/workbook.xml.rels
09:28:36.053 [main] DEBUG - Parsing relationship: /xl/worksheets/_rels/sheet2.xml.rels
09:28:36.053 [main] DEBUG - Parsing relationship: /_rels/.rels
09:28:36.071 [main] DEBUG - Save content types part
09:28:36.072 [main] DEBUG - Save package relationships
09:28:36.074 [main] DEBUG - Save part 'docProps/app.xml'
09:28:36.074 [main] DEBUG - Save part 'docProps/core.xml'
09:28:36.075 [main] DEBUG - Save part 'xl/sharedStrings.xml'
09:28:36.076 [main] DEBUG - Save part 'xl/styles.xml'
09:28:36.076 [main] DEBUG - Save part 'xl/theme/theme1.xml'
09:28:36.076 [main] DEBUG - Save part 'xl/workbook.xml'
09:28:36.078 [main] DEBUG - Save part 'xl/worksheets/sheet1.xml'
09:28:36.078 [main] DEBUG - Save part 'xl/worksheets/sheet2.xml'
09:28:36.079 [main] DEBUG - Save part 'xl/worksheets/sheet3.xml'
09:28:36.118 [main] DEBUG - Parsing relationship: /xl/_rels/workbook.xml.rels
09:28:36.119 [main] DEBUG - Parsing relationship: /xl/worksheets/_rels/sheet2.xml.rels
09:28:36.119 [main] DEBUG - Parsing relationship: /_rels/.rels
09:28:36.143 [main] DEBUG - Save content types part
09:28:36.145 [main] DEBUG - Save package relationships
09:28:36.147 [main] DEBUG - Save part 'docProps/app.xml'
09:28:36.148 [main] DEBUG - Save part 'docProps/core.xml'
09:28:36.149 [main] DEBUG - Save part 'xl/sharedStrings.xml'
09:28:36.150 [main] DEBUG - Save part 'xl/styles.xml'
09:28:36.150 [main] DEBUG - Save part 'xl/theme/theme1.xml'
09:28:36.150 [main] DEBUG - Save part 'xl/workbook.xml'
09:28:36.152 [main] DEBUG - Save part 'xl/worksheets/sheet1.xml'
09:28:36.152 [main] DEBUG - Save part 'xl/worksheets/sheet2.xml'
09:28:36.155 [main] DEBUG - Save part 'xl/worksheets/sheet3.xml'
09:28:36.194 [main] DEBUG - Parsing relationship: /xl/_rels/workbook.xml.rels
09:28:36.195 [main] DEBUG - Parsing relationship: /xl/worksheets/_rels/sheet2.xml.rels
09:28:36.195 [main] DEBUG - Parsing relationship: /_rels/.rels
09:28:36.217 [main] DEBUG - Save content types part
09:28:36.219 [main] DEBUG - Save package relationships
09:28:36.220 [main] DEBUG - Save part 'docProps/app.xml'
09:28:36.220 [main] DEBUG - Save part 'docProps/core.xml'
09:28:36.222 [main] DEBUG - Save part 'xl/sharedStrings.xml'
09:28:36.222 [main] DEBUG - Save part 'xl/styles.xml'
09:28:36.222 [main] DEBUG - Save part 'xl/theme/theme1.xml'
09:28:36.223 [main] DEBUG - Save part 'xl/workbook.xml'
09:28:36.224 [main] DEBUG - Save part 'xl/worksheets/sheet1.xml'
09:28:36.225 [main] DEBUG - Save part 'xl/worksheets/sheet2.xml'
09:28:36.227 [main] DEBUG - Save part 'xl/worksheets/sheet3.xml'
09:28:36.324 [main] DEBUG - Parsing relationship: /xl/_rels/workbook.xml.rels
09:28:36.325 [main] DEBUG - Parsing relationship: /xl/worksheets/_rels/sheet2.xml.rels
09:28:36.325 [main] DEBUG - Parsing relationship: /_rels/.rels
09:28:36.351 [main] DEBUG - Save content types part
09:28:36.352 [main] DEBUG - Save package relationships
09:28:36.353 [main] DEBUG - Save part 'docProps/app.xml'
09:28:36.354 [main] DEBUG - Save part 'docProps/core.xml'
09:28:36.355 [main] DEBUG - Save part 'xl/sharedStrings.xml'
09:28:36.356 [main] DEBUG - Save part 'xl/styles.xml'
09:28:36.356 [main] DEBUG - Save part 'xl/theme/theme1.xml'
09:28:36.356 [main] DEBUG - Save part 'xl/workbook.xml'
09:28:36.358 [main] DEBUG - Save part 'xl/worksheets/sheet1.xml'
09:28:36.358 [main] DEBUG - Save part 'xl/worksheets/sheet2.xml'
09:28:36.359 [main] DEBUG - Save part 'xl/worksheets/sheet3.xml'
09:28:36.403 [main] DEBUG - Parsing relationship: /xl/_rels/workbook.xml.rels
09:28:36.403 [main] DEBUG - Parsing relationship: /xl/worksheets/_rels/sheet2.xml.rels
09:28:36.404 [main] DEBUG - Parsing relationship: /_rels/.rels
09:28:36.417 [main] DEBUG - Save content types part
09:28:36.418 [main] DEBUG - Save package relationships
09:28:36.419 [main] DEBUG - Save part 'docProps/app.xml'
09:28:36.419 [main] DEBUG - Save part 'docProps/core.xml'
09:28:36.420 [main] DEBUG - Save part 'xl/sharedStrings.xml'
09:28:36.420 [main] DEBUG - Save part 'xl/styles.xml'
09:28:36.421 [main] DEBUG - Save part 'xl/theme/theme1.xml'
09:28:36.421 [main] DEBUG - Save part 'xl/workbook.xml'
09:28:36.422 [main] DEBUG - Save part 'xl/worksheets/sheet1.xml'
09:28:36.422 [main] DEBUG - Save part 'xl/worksheets/sheet2.xml'
09:28:36.423 [main] DEBUG - Save part 'xl/worksheets/sheet3.xml'
09:28:36.458 [main] DEBUG - Parsing relationship: /xl/_rels/workbook.xml.rels
09:28:36.459 [main] DEBUG - Parsing relationship: /xl/worksheets/_rels/sheet2.xml.rels
09:28:36.459 [main] DEBUG - Parsing relationship: /_rels/.rels
09:28:36.472 [main] DEBUG - Save content types part
09:28:36.472 [main] DEBUG - Save package relationships
09:28:36.473 [main] DEBUG - Save part 'docProps/app.xml'
09:28:36.473 [main] DEBUG - Save part 'docProps/core.xml'
09:28:36.474 [main] DEBUG - Save part 'xl/sharedStrings.xml'
09:28:36.474 [main] DEBUG - Save part 'xl/styles.xml'
09:28:36.475 [main] DEBUG - Save part 'xl/theme/theme1.xml'
09:28:36.475 [main] DEBUG - Save part 'xl/workbook.xml'
09:28:36.476 [main] DEBUG - Save part 'xl/worksheets/sheet1.xml'
09:28:36.476 [main] DEBUG - Save part 'xl/worksheets/sheet2.xml'
09:28:36.476 [main] DEBUG - Save part 'xl/worksheets/sheet3.xml'
09:28:36.555 [main] DEBUG - Parsing relationship: /xl/_rels/workbook.xml.rels
09:28:36.555 [main] DEBUG - Parsing relationship: /xl/worksheets/_rels/sheet2.xml.rels
09:28:36.556 [main] DEBUG - Parsing relationship: /_rels/.rels
09:28:36.572 [main] DEBUG - Save content types part
09:28:36.573 [main] DEBUG - Save package relationships
09:28:36.574 [main] DEBUG - Save part 'docProps/app.xml'
09:28:36.574 [main] DEBUG - Save part 'docProps/core.xml'
09:28:36.575 [main] DEBUG - Save part 'xl/sharedStrings.xml'
09:28:36.575 [main] DEBUG - Save part 'xl/styles.xml'
09:28:36.575 [main] DEBUG - Save part 'xl/theme/theme1.xml'
09:28:36.576 [main] DEBUG - Save part 'xl/workbook.xml'
09:28:36.577 [main] DEBUG - Save part 'xl/worksheets/sheet1.xml'
09:28:36.577 [main] DEBUG - Save part 'xl/worksheets/sheet2.xml'
09:28:36.578 [main] DEBUG - Save part 'xl/worksheets/sheet3.xml'
09:28:36.607 [main] DEBUG - Parsing relationship: /xl/_rels/workbook.xml.rels
09:28:36.608 [main] DEBUG - Parsing relationship: /xl/worksheets/_rels/sheet2.xml.rels
09:28:36.608 [main] DEBUG - Parsing relationship: /_rels/.rels
09:28:36.628 [main] DEBUG - Save content types part
09:28:36.629 [main] DEBUG - Save package relationships
09:28:36.630 [main] DEBUG - Save part 'docProps/app.xml'
09:28:36.630 [main] DEBUG - Save part 'docProps/core.xml'
09:28:36.631 [main] DEBUG - Save part 'xl/sharedStrings.xml'
09:28:36.631 [main] DEBUG - Save part 'xl/styles.xml'
09:28:36.631 [main] DEBUG - Save part 'xl/theme/theme1.xml'
09:28:36.632 [main] DEBUG - Save part 'xl/workbook.xml'
09:28:36.632 [main] DEBUG - Save part 'xl/worksheets/sheet1.xml'
09:28:36.633 [main] DEBUG - Save part 'xl/worksheets/sheet2.xml'
09:28:36.634 [main] DEBUG - Save part 'xl/worksheets/sheet3.xml'
09:28:36.665 [main] DEBUG - Parsing relationship: /xl/_rels/workbook.xml.rels
09:28:36.666 [main] DEBUG - Parsing relationship: /xl/worksheets/_rels/sheet2.xml.rels
09:28:36.667 [main] DEBUG - Parsing relationship: /_rels/.rels
09:28:36.679 [main] DEBUG - Save content types part
09:28:36.680 [main] DEBUG - Save package relationships
09:28:36.681 [main] DEBUG - Save part 'docProps/app.xml'
09:28:36.681 [main] DEBUG - Save part 'docProps/core.xml'
09:28:36.682 [main] DEBUG - Save part 'xl/sharedStrings.xml'
09:28:36.683 [main] DEBUG - Save part 'xl/styles.xml'
09:28:36.683 [main] DEBUG - Save part 'xl/theme/theme1.xml'
09:28:36.683 [main] DEBUG - Save part 'xl/workbook.xml'
09:28:36.684 [main] DEBUG - Save part 'xl/worksheets/sheet1.xml'
09:28:36.685 [main] DEBUG - Save part 'xl/worksheets/sheet2.xml'
09:28:36.685 [main] DEBUG - Save part 'xl/worksheets/sheet3.xml'
09:28:36.756 [main] DEBUG - Parsing relationship: /xl/_rels/workbook.xml.rels
09:28:36.757 [main] DEBUG - Parsing relationship: /xl/worksheets/_rels/sheet2.xml.rels
09:28:36.757 [main] DEBUG - Parsing relationship: /_rels/.rels
09:28:36.772 [main] DEBUG - Save content types part
09:28:36.773 [main] DEBUG - Save package relationships
09:28:36.774 [main] DEBUG - Save part 'docProps/app.xml'
09:28:36.774 [main] DEBUG - Save part 'docProps/core.xml'
09:28:36.775 [main] DEBUG - Save part 'xl/sharedStrings.xml'
09:28:36.775 [main] DEBUG - Save part 'xl/styles.xml'
09:28:36.776 [main] DEBUG - Save part 'xl/theme/theme1.xml'
09:28:36.776 [main] DEBUG - Save part 'xl/workbook.xml'
09:28:36.777 [main] DEBUG - Save part 'xl/worksheets/sheet1.xml'
09:28:36.778 [main] DEBUG - Save part 'xl/worksheets/sheet2.xml'
09:28:36.779 [main] DEBUG - Save part 'xl/worksheets/sheet3.xml'
09:28:36.819 [main] DEBUG - Parsing relationship: /xl/_rels/workbook.xml.rels
09:28:36.819 [main] DEBUG - Parsing relationship: /xl/worksheets/_rels/sheet2.xml.rels
09:28:36.819 [main] DEBUG - Parsing relationship: /_rels/.rels
09:28:36.843 [main] DEBUG - Save content types part
09:28:36.845 [main] DEBUG - Save package relationships
09:28:36.846 [main] DEBUG - Save part 'docProps/app.xml'
09:28:36.846 [main] DEBUG - Save part 'docProps/core.xml'
09:28:36.847 [main] DEBUG - Save part 'xl/sharedStrings.xml'
09:28:36.848 [main] DEBUG - Save part 'xl/styles.xml'
09:28:36.848 [main] DEBUG - Save part 'xl/theme/theme1.xml'
09:28:36.848 [main] DEBUG - Save part 'xl/workbook.xml'
09:28:36.849 [main] DEBUG - Save part 'xl/worksheets/sheet1.xml'
09:28:36.849 [main] DEBUG - Save part 'xl/worksheets/sheet2.xml'
09:28:36.850 [main] DEBUG - Save part 'xl/worksheets/sheet3.xml'
09:28:36.884 [main] DEBUG - Parsing relationship: /xl/_rels/workbook.xml.rels
09:28:36.884 [main] DEBUG - Parsing relationship: /xl/worksheets/_rels/sheet2.xml.rels
09:28:36.885 [main] DEBUG - Parsing relationship: /_rels/.rels
09:28:36.905 [main] DEBUG - Save content types part
09:28:36.907 [main] DEBUG - Save package relationships
09:28:36.909 [main] DEBUG - Save part 'docProps/app.xml'
09:28:36.909 [main] DEBUG - Save part 'docProps/core.xml'
09:28:36.910 [main] DEBUG - Save part 'xl/sharedStrings.xml'
09:28:36.911 [main] DEBUG - Save part 'xl/styles.xml'
09:28:36.911 [main] DEBUG - Save part 'xl/theme/theme1.xml'
09:28:36.911 [main] DEBUG - Save part 'xl/workbook.xml'
09:28:36.912 [main] DEBUG - Save part 'xl/worksheets/sheet1.xml'
09:28:36.913 [main] DEBUG - Save part 'xl/worksheets/sheet2.xml'
09:28:36.914 [main] DEBUG - Save part 'xl/worksheets/sheet3.xml'
09:28:37.004 [main] DEBUG - Parsing relationship: /xl/_rels/workbook.xml.rels
09:28:37.004 [main] DEBUG - Parsing relationship: /xl/worksheets/_rels/sheet2.xml.rels
09:28:37.005 [main] DEBUG - Parsing relationship: /_rels/.rels
09:28:37.026 [main] DEBUG - Save content types part
09:28:37.028 [main] DEBUG - Save package relationships
09:28:37.029 [main] DEBUG - Save part 'docProps/app.xml'
09:28:37.030 [main] DEBUG - Save part 'docProps/core.xml'
09:28:37.032 [main] DEBUG - Save part 'xl/sharedStrings.xml'
09:28:37.032 [main] DEBUG - Save part 'xl/styles.xml'
09:28:37.032 [main] DEBUG - Save part 'xl/theme/theme1.xml'
09:28:37.032 [main] DEBUG - Save part 'xl/workbook.xml'
09:28:37.033 [main] DEBUG - Save part 'xl/worksheets/sheet1.xml'
09:28:37.033 [main] DEBUG - Save part 'xl/worksheets/sheet2.xml'
09:28:37.035 [main] DEBUG - Save part 'xl/worksheets/sheet3.xml'
09:28:37.069 [main] DEBUG - Parsing relationship: /xl/_rels/workbook.xml.rels
09:28:37.069 [main] DEBUG - Parsing relationship: /xl/worksheets/_rels/sheet2.xml.rels
09:28:37.071 [main] DEBUG - Parsing relationship: /_rels/.rels
09:28:37.086 [main] DEBUG - Save content types part
09:28:37.087 [main] DEBUG - Save package relationships
09:28:37.088 [main] DEBUG - Save part 'docProps/app.xml'
09:28:37.088 [main] DEBUG - Save part 'docProps/core.xml'
09:28:37.089 [main] DEBUG - Save part 'xl/sharedStrings.xml'
09:28:37.090 [main] DEBUG - Save part 'xl/styles.xml'
09:28:37.090 [main] DEBUG - Save part 'xl/theme/theme1.xml'
09:28:37.090 [main] DEBUG - Save part 'xl/workbook.xml'
09:28:37.093 [main] DEBUG - Save part 'xl/worksheets/sheet1.xml'
09:28:37.094 [main] DEBUG - Save part 'xl/worksheets/sheet2.xml'
09:28:37.095 [main] DEBUG - Save part 'xl/worksheets/sheet3.xml'
09:28:37.139 [main] DEBUG - Parsing relationship: /xl/_rels/workbook.xml.rels
09:28:37.140 [main] DEBUG - Parsing relationship: /xl/worksheets/_rels/sheet2.xml.rels
09:28:37.140 [main] DEBUG - Parsing relationship: /_rels/.rels
09:28:37.164 [main] DEBUG - Save content types part
09:28:37.165 [main] DEBUG - Save package relationships
09:28:37.166 [main] DEBUG - Save part 'docProps/app.xml'
09:28:37.166 [main] DEBUG - Save part 'docProps/core.xml'
09:28:37.166 [main] DEBUG - Save part 'xl/sharedStrings.xml'
09:28:37.167 [main] DEBUG - Save part 'xl/styles.xml'
09:28:37.167 [main] DEBUG - Save part 'xl/theme/theme1.xml'
09:28:37.167 [main] DEBUG - Save part 'xl/workbook.xml'
09:28:37.168 [main] DEBUG - Save part 'xl/worksheets/sheet1.xml'
09:28:37.168 [main] DEBUG - Save part 'xl/worksheets/sheet2.xml'
09:28:37.169 [main] DEBUG - Save part 'xl/worksheets/sheet3.xml'
09:28:37.255 [main] DEBUG - Parsing relationship: /xl/_rels/workbook.xml.rels
09:28:37.256 [main] DEBUG - Parsing relationship: /xl/worksheets/_rels/sheet2.xml.rels
09:28:37.256 [main] DEBUG - Parsing relationship: /_rels/.rels
09:28:37.273 [main] DEBUG - Save content types part
09:28:37.274 [main] DEBUG - Save package relationships
09:28:37.274 [main] DEBUG - Save part 'docProps/app.xml'
09:28:37.274 [main] DEBUG - Save part 'docProps/core.xml'
09:28:37.275 [main] DEBUG - Save part 'xl/sharedStrings.xml'
09:28:37.276 [main] DEBUG - Save part 'xl/styles.xml'
09:28:37.276 [main] DEBUG - Save part 'xl/theme/theme1.xml'
09:28:37.276 [main] DEBUG - Save part 'xl/workbook.xml'
09:28:37.277 [main] DEBUG - Save part 'xl/worksheets/sheet1.xml'
09:28:37.277 [main] DEBUG - Save part 'xl/worksheets/sheet2.xml'
09:28:37.278 [main] DEBUG - Save part 'xl/worksheets/sheet3.xml'
09:28:37.313 [main] DEBUG - Parsing relationship: /xl/_rels/workbook.xml.rels
09:28:37.313 [main] DEBUG - Parsing relationship: /xl/worksheets/_rels/sheet2.xml.rels
09:28:37.313 [main] DEBUG - Parsing relationship: /_rels/.rels
09:28:37.346 [main] DEBUG - Save content types part
09:28:37.348 [main] DEBUG - Save package relationships
09:28:37.349 [main] DEBUG - Save part 'docProps/app.xml'
09:28:37.350 [main] DEBUG - Save part 'docProps/core.xml'
09:28:37.352 [main] DEBUG - Save part 'xl/sharedStrings.xml'
09:28:37.353 [main] DEBUG - Save part 'xl/styles.xml'
09:28:37.353 [main] DEBUG - Save part 'xl/theme/theme1.xml'
09:28:37.354 [main] DEBUG - Save part 'xl/workbook.xml'
09:28:37.356 [main] DEBUG - Save part 'xl/worksheets/sheet1.xml'
09:28:37.356 [main] DEBUG - Save part 'xl/worksheets/sheet2.xml'
09:28:37.358 [main] DEBUG - Save part 'xl/worksheets/sheet3.xml'
09:28:37.397 [main] DEBUG - Parsing relationship: /xl/_rels/workbook.xml.rels
09:28:37.397 [main] DEBUG - Parsing relationship: /xl/worksheets/_rels/sheet2.xml.rels
09:28:37.398 [main] DEBUG - Parsing relationship: /_rels/.rels
09:28:37.420 [main] DEBUG - Save content types part
09:28:37.421 [main] DEBUG - Save package relationships
09:28:37.422 [main] DEBUG - Save part 'docProps/app.xml'
09:28:37.422 [main] DEBUG - Save part 'docProps/core.xml'
09:28:37.423 [main] DEBUG - Save part 'xl/sharedStrings.xml'
09:28:37.423 [main] DEBUG - Save part 'xl/styles.xml'
09:28:37.424 [main] DEBUG - Save part 'xl/theme/theme1.xml'
09:28:37.424 [main] DEBUG - Save part 'xl/workbook.xml'
09:28:37.425 [main] DEBUG - Save part 'xl/worksheets/sheet1.xml'
09:28:37.426 [main] DEBUG - Save part 'xl/worksheets/sheet2.xml'
09:28:37.428 [main] DEBUG - Save part 'xl/worksheets/sheet3.xml'
09:28:37.513 [main] DEBUG - Parsing relationship: /xl/_rels/workbook.xml.rels
09:28:37.514 [main] DEBUG - Parsing relationship: /xl/worksheets/_rels/sheet2.xml.rels
09:28:37.515 [main] DEBUG - Parsing relationship: /_rels/.rels
09:28:37.537 [main] DEBUG - Save content types part
09:28:37.538 [main] DEBUG - Save package relationships
09:28:37.539 [main] DEBUG - Save part 'docProps/app.xml'
09:28:37.539 [main] DEBUG - Save part 'docProps/core.xml'
09:28:37.540 [main] DEBUG - Save part 'xl/sharedStrings.xml'
09:28:37.541 [main] DEBUG - Save part 'xl/styles.xml'
09:28:37.541 [main] DEBUG - Save part 'xl/theme/theme1.xml'
09:28:37.542 [main] DEBUG - Save part 'xl/workbook.xml'
09:28:37.543 [main] DEBUG - Save part 'xl/worksheets/sheet1.xml'
09:28:37.544 [main] DEBUG - Save part 'xl/worksheets/sheet2.xml'
09:28:37.545 [main] DEBUG - Save part 'xl/worksheets/sheet3.xml'
09:28:37.586 [main] DEBUG - Parsing relationship: /xl/_rels/workbook.xml.rels
09:28:37.587 [main] DEBUG - Parsing relationship: /xl/worksheets/_rels/sheet2.xml.rels
09:28:37.587 [main] DEBUG - Parsing relationship: /_rels/.rels
09:28:37.599 [main] DEBUG - Save content types part
09:28:37.600 [main] DEBUG - Save package relationships
09:28:37.601 [main] DEBUG - Save part 'docProps/app.xml'
09:28:37.601 [main] DEBUG - Save part 'docProps/core.xml'
09:28:37.601 [main] DEBUG - Save part 'xl/sharedStrings.xml'
09:28:37.602 [main] DEBUG - Save part 'xl/styles.xml'
09:28:37.602 [main] DEBUG - Save part 'xl/theme/theme1.xml'
09:28:37.602 [main] DEBUG - Save part 'xl/workbook.xml'
09:28:37.603 [main] DEBUG - Save part 'xl/worksheets/sheet1.xml'
09:28:37.603 [main] DEBUG - Save part 'xl/worksheets/sheet2.xml'
09:28:37.604 [main] DEBUG - Save part 'xl/worksheets/sheet3.xml'
09:28:37.639 [main] DEBUG - Parsing relationship: /xl/_rels/workbook.xml.rels
09:28:37.640 [main] DEBUG - Parsing relationship: /xl/worksheets/_rels/sheet2.xml.rels
09:28:37.641 [main] DEBUG - Parsing relationship: /_rels/.rels
09:28:37.659 [main] DEBUG - Save content types part
09:28:37.661 [main] DEBUG - Save package relationships
09:28:37.661 [main] DEBUG - Save part 'docProps/app.xml'
09:28:37.662 [main] DEBUG - Save part 'docProps/core.xml'
09:28:37.663 [main] DEBUG - Save part 'xl/sharedStrings.xml'
09:28:37.664 [main] DEBUG - Save part 'xl/styles.xml'
09:28:37.664 [main] DEBUG - Save part 'xl/theme/theme1.xml'
09:28:37.665 [main] DEBUG - Save part 'xl/workbook.xml'
09:28:37.666 [main] DEBUG - Save part 'xl/worksheets/sheet1.xml'
09:28:37.667 [main] DEBUG - Save part 'xl/worksheets/sheet2.xml'
09:28:37.669 [main] DEBUG - Save part 'xl/worksheets/sheet3.xml'
09:28:37.746 [main] DEBUG - Parsing relationship: /xl/_rels/workbook.xml.rels
09:28:37.748 [main] DEBUG - Parsing relationship: /xl/worksheets/_rels/sheet2.xml.rels
09:28:37.748 [main] DEBUG - Parsing relationship: /_rels/.rels
09:28:37.772 [main] DEBUG - Save content types part
09:28:37.773 [main] DEBUG - Save package relationships
09:28:37.774 [main] DEBUG - Save part 'docProps/app.xml'
09:28:37.774 [main] DEBUG - Save part 'docProps/core.xml'
09:28:37.774 [main] DEBUG - Save part 'xl/sharedStrings.xml'
09:28:37.775 [main] DEBUG - Save part 'xl/styles.xml'
09:28:37.775 [main] DEBUG - Save part 'xl/theme/theme1.xml'
09:28:37.776 [main] DEBUG - Save part 'xl/workbook.xml'
09:28:37.776 [main] DEBUG - Save part 'xl/worksheets/sheet1.xml'
09:28:37.777 [main] DEBUG - Save part 'xl/worksheets/sheet2.xml'
09:28:37.777 [main] DEBUG - Save part 'xl/worksheets/sheet3.xml'
09:28:37.808 [main] DEBUG - Parsing relationship: /xl/_rels/workbook.xml.rels
09:28:37.809 [main] DEBUG - Parsing relationship: /xl/worksheets/_rels/sheet2.xml.rels
09:28:37.809 [main] DEBUG - Parsing relationship: /_rels/.rels
09:28:37.822 [main] DEBUG - Save content types part
09:28:37.823 [main] DEBUG - Save package relationships
09:28:37.823 [main] DEBUG - Save part 'docProps/app.xml'
09:28:37.823 [main] DEBUG - Save part 'docProps/core.xml'
09:28:37.824 [main] DEBUG - Save part 'xl/sharedStrings.xml'
09:28:37.825 [main] DEBUG - Save part 'xl/styles.xml'
09:28:37.825 [main] DEBUG - Save part 'xl/theme/theme1.xml'
09:28:37.825 [main] DEBUG - Save part 'xl/workbook.xml'
09:28:37.826 [main] DEBUG - Save part 'xl/worksheets/sheet1.xml'
09:28:37.826 [main] DEBUG - Save part 'xl/worksheets/sheet2.xml'
09:28:37.827 [main] DEBUG - Save part 'xl/worksheets/sheet3.xml'
09:28:37.864 [main] DEBUG - Parsing relationship: /xl/_rels/workbook.xml.rels
09:28:37.864 [main] DEBUG - Parsing relationship: /xl/worksheets/_rels/sheet2.xml.rels
09:28:37.864 [main] DEBUG - Parsing relationship: /_rels/.rels
09:28:37.881 [main] DEBUG - Save content types part
09:28:37.882 [main] DEBUG - Save package relationships
09:28:37.883 [main] DEBUG - Save part 'docProps/app.xml'
09:28:37.883 [main] DEBUG - Save part 'docProps/core.xml'
09:28:37.884 [main] DEBUG - Save part 'xl/sharedStrings.xml'
09:28:37.884 [main] DEBUG - Save part 'xl/styles.xml'
09:28:37.884 [main] DEBUG - Save part 'xl/theme/theme1.xml'
09:28:37.885 [main] DEBUG - Save part 'xl/workbook.xml'
09:28:37.885 [main] DEBUG - Save part 'xl/worksheets/sheet1.xml'
09:28:37.886 [main] DEBUG - Save part 'xl/worksheets/sheet2.xml'
09:28:37.886 [main] DEBUG - Save part 'xl/worksheets/sheet3.xml'
09:28:37.967 [main] DEBUG - Parsing relationship: /xl/_rels/workbook.xml.rels
09:28:37.967 [main] DEBUG - Parsing relationship: /xl/worksheets/_rels/sheet2.xml.rels
09:28:37.968 [main] DEBUG - Parsing relationship: /_rels/.rels
09:28:37.987 [main] DEBUG - Save content types part
09:28:37.988 [main] DEBUG - Save package relationships
09:28:37.989 [main] DEBUG - Save part 'docProps/app.xml'
09:28:37.989 [main] DEBUG - Save part 'docProps/core.xml'
09:28:37.990 [main] DEBUG - Save part 'xl/sharedStrings.xml'
09:28:37.991 [main] DEBUG - Save part 'xl/styles.xml'
09:28:37.991 [main] DEBUG - Save part 'xl/theme/theme1.xml'
09:28:37.991 [main] DEBUG - Save part 'xl/workbook.xml'
09:28:37.993 [main] DEBUG - Save part 'xl/worksheets/sheet1.xml'
09:28:37.993 [main] DEBUG - Save part 'xl/worksheets/sheet2.xml'
09:28:37.995 [main] DEBUG - Save part 'xl/worksheets/sheet3.xml'
09:28:38.057 [main] DEBUG - Parsing relationship: /xl/_rels/workbook.xml.rels
09:28:38.057 [main] DEBUG - Parsing relationship: /xl/worksheets/_rels/sheet2.xml.rels
09:28:38.058 [main] DEBUG - Parsing relationship: /_rels/.rels
09:28:38.079 [main] DEBUG - Save content types part
09:28:38.080 [main] DEBUG - Save package relationships
09:28:38.081 [main] DEBUG - Save part 'docProps/app.xml'
09:28:38.081 [main] DEBUG - Save part 'docProps/core.xml'
09:28:38.082 [main] DEBUG - Save part 'xl/sharedStrings.xml'
09:28:38.082 [main] DEBUG - Save part 'xl/styles.xml'
09:28:38.083 [main] DEBUG - Save part 'xl/theme/theme1.xml'
09:28:38.083 [main] DEBUG - Save part 'xl/workbook.xml'
09:28:38.084 [main] DEBUG - Save part 'xl/worksheets/sheet1.xml'
09:28:38.084 [main] DEBUG - Save part 'xl/worksheets/sheet2.xml'
09:28:38.085 [main] DEBUG - Save part 'xl/worksheets/sheet3.xml'
09:28:38.123 [main] DEBUG - Parsing relationship: /xl/_rels/workbook.xml.rels
09:28:38.123 [main] DEBUG - Parsing relationship: /xl/worksheets/_rels/sheet2.xml.rels
09:28:38.124 [main] DEBUG - Parsing relationship: /_rels/.rels
09:28:38.146 [main] DEBUG - Save content types part
09:28:38.147 [main] DEBUG - Save package relationships
09:28:38.147 [main] DEBUG - Save part 'docProps/app.xml'
09:28:38.147 [main] DEBUG - Save part 'docProps/core.xml'
09:28:38.148 [main] DEBUG - Save part 'xl/sharedStrings.xml'
09:28:38.149 [main] DEBUG - Save part 'xl/styles.xml'
09:28:38.149 [main] DEBUG - Save part 'xl/theme/theme1.xml'
09:28:38.149 [main] DEBUG - Save part 'xl/workbook.xml'
09:28:38.150 [main] DEBUG - Save part 'xl/worksheets/sheet1.xml'
09:28:38.151 [main] DEBUG - Save part 'xl/worksheets/sheet2.xml'
09:28:38.152 [main] DEBUG - Save part 'xl/worksheets/sheet3.xml'
09:28:38.255 [main] DEBUG - Parsing relationship: /xl/_rels/workbook.xml.rels
09:28:38.256 [main] DEBUG - Parsing relationship: /xl/worksheets/_rels/sheet2.xml.rels
09:28:38.256 [main] DEBUG - Parsing relationship: /_rels/.rels
09:28:38.276 [main] DEBUG - Save content types part
09:28:38.277 [main] DEBUG - Save package relationships
09:28:38.278 [main] DEBUG - Save part 'docProps/app.xml'
09:28:38.278 [main] DEBUG - Save part 'docProps/core.xml'
09:28:38.279 [main] DEBUG - Save part 'xl/sharedStrings.xml'
09:28:38.280 [main] DEBUG - Save part 'xl/styles.xml'
09:28:38.280 [main] DEBUG - Save part 'xl/theme/theme1.xml'
09:28:38.280 [main] DEBUG - Save part 'xl/workbook.xml'
09:28:38.281 [main] DEBUG - Save part 'xl/worksheets/sheet1.xml'
